// Output Data File:
//
// FILENAME 5Busemission_temp.out
//
// CASE FILENAME :
5Busemission.dat

//  iNodeNumber	  iBranchNumber	     iGenNumber	     iLSENumber
              5	              6	              5	              3
//  iLMPWithTrueCost	   iGenCommitWithTrueCost	 iLSEPSDispatchWithTrueCost	igenAgentSupplyOffer	 igenAgentCommitment	igenAgentProfitAndNetGain	    ilseAgentSurplus	     ipriceSensitive	         ibranchFlow	                iLMP
                   1	                        1	                          1	                   5	                   5	                        5	                   5	                   5	                   5	                   5
//        Cooling	     Experimentation	      InitPropensity	 Recency	      M1	      M2	      M3	        RI_MAX_Lower	        RI_MAX_Upper	            RI_MIN_C	          SlopeStart	     RewardSelection
      6000.000000	         1000.000000	            0.040000	0.960000	      10	      10	       1	            0.750000	            0.750000	            1.000000	            0.001000	                   1
      6000.000000	         1000.000000	            0.040000	0.960000	      10	      10	       1	            0.750000	            0.750000	            1.000000	            0.001000	                   1
      6000.000000	         1000.000000	            0.040000	0.960000	      10	      10	       1	            0.750000	            0.750000	            1.000000	            0.001000	                   1
      6000.000000	         1000.000000	            0.040000	0.960000	      10	      10	       1	            0.750000	            0.750000	            1.000000	            0.001000	                   1
      6000.000000	         1000.000000	            0.040000	0.960000	      10	      10	       1	            0.750000	            0.750000	            1.000000	            0.001000	                   1
//        RandomSeed	 iMaxDay	    dThresholdProbability	   dGenPriceCap	   dLSEPriceCap	 bMaximumDay	  bThreshold
           695672061	    1000	                 0.999000	    1000.000000	       0.000000	           1	           1
//  bActionProb	      iStartDay	     iDayLength	    dActionProb	     bLearnProb	 iLearnStartDay	iLearnDayLength	     dLearnProb	    bNetEarning	    iNEStartDay	   iNEDayLength	   dNEThreshold
              0	              1	              5	       0.001000	              0	              1	              5	       0.001000	              0	              1	              5	      10.000000
#LMPWithTrueCostDataStart
// Hour	          Bus 1	          Bus 2	          Bus 3	          Bus 4	          Bus 5
    0	      15.166471	      35.503898	      31.650684	      21.054346	      16.210305
    1	      15.161294	      33.947569	      30.388243	      20.600096	      16.125513
    2	      15.157919	      32.919167	      29.554047	      20.299966	      16.069528
    3	      15.156176	      32.400304	      29.133160	      20.148512	      16.041243
    4	      15.154485	      31.890754	      28.719831	      19.999791	      16.013486
    5	      15.155351	      32.145566	      28.926529	      20.074177	      16.027386
    6	      15.156176	      32.400304	      29.133160	      20.148512	      16.041243
    7	      15.159603	      33.438018	      29.974914	      20.451375	      16.097756
    8	      15.168162	      36.013448	      32.064013	      21.203067	      16.238062
    9	      15.175007	      38.079638	      33.740031	      21.806111	      16.350604
   10	      15.176714	      38.598179	      34.160651	      21.957447	      16.378838
   11	      15.177581	      38.852991	      34.367349	      22.031833	      16.392738
   12	      15.176714	      38.598179	      34.160651	      21.957447	      16.378838
   13	      15.175007	      38.079638	      33.740031	      21.806111	      16.350604
   14	      15.174140	      37.824826	      33.533332	      21.731725	      16.336704
   15	      15.174140	      37.824826	      33.533332	      21.731725	      16.336704
   16	      15.177581	      38.852991	      34.367349	      22.031833	      16.392738
   17	      14.020709	      78.241490	      66.073952	      32.613223	      17.316888
   18	      15.073472	      45.552352	      39.777695	      23.897392	      16.637823
   19	      15.180998	      39.881467	      35.201613	      22.332014	      16.448767
   20	      15.180125	      39.626902	      34.995114	      22.257695	      16.434874
   21	      15.178424	      39.108114	      34.574295	      22.106292	      16.406633
   22	      15.174140	      37.824826	      33.533332	      21.731725	      16.336704
   23	      15.169022	      36.277562	      32.278249	      21.280141	      16.252433
#LMPWithTrueCostDataEnd

#GeneratorCommitmentWithTrueCostDataStart
// Hour	         GenCo1	         GenCo2	         GenCo3	         GenCo4	         GenCo5
    0	     110.000000	      13.872609	     332.534200	       0.000000	     443.593191
    1	     110.000000	      13.441177	     269.412146	       0.000000	     437.536677
    2	     110.000000	      13.159935	     227.702331	       0.000000	     433.537734
    3	     110.000000	      13.014633	     206.657998	       0.000000	     431.517369
    4	     110.000000	      12.873737	     185.991539	       0.000000	     429.534724
    5	     110.000000	      12.945938	     196.326455	       0.000000	     430.527606
    6	     110.000000	      13.014633	     206.657998	       0.000000	     431.517369
    7	     110.000000	      13.300281	     248.745687	       0.000000	     435.554032
    8	     110.000000	      14.013505	     353.200659	       0.000000	     445.575836
    9	     110.000000	      14.583900	     437.001537	       0.000000	     453.614563
   10	     110.000000	      14.726178	     458.032528	       0.000000	     455.631294
   11	     110.000000	      14.798379	     468.367445	       0.000000	     456.624176
   12	     110.000000	      14.726178	     458.032528	       0.000000	     455.631294
   13	     110.000000	      14.583900	     437.001537	       0.000000	     453.614563
   14	     110.000000	      14.511699	     426.666621	       0.000000	     452.621680
   15	     110.000000	      14.511699	     426.666621	       0.000000	     452.621680
   16	     110.000000	      14.798379	     468.367445	       0.000000	     456.624176
   17	       2.070867	       0.000000	     520.000000	     108.884273	     522.634859
   18	     107.347166	       6.122639	     520.000000	       0.000000	     474.130195
   19	     110.000000	      15.083127	     510.080635	       0.000000	     460.626239
   20	     110.000000	      15.010444	     499.755685	       0.000000	     459.633871
   21	     110.000000	      14.868648	     478.714727	       0.000000	     457.616626
   22	     110.000000	      14.511699	     426.666621	       0.000000	     452.621680
   23	     110.000000	      14.085155	     363.912473	       0.000000	     446.602372
#GeneratorCommitmentWithTrueCostDataEnd

#GeneratorProfitWithTrueCostDataStart
// Hour	   GenID	         Profit	   Net Earnings	        Revenue
  Total	  GenCo1	    1556.413811	    1556.413811	   38356.904800
  Total	  GenCo2	      26.581729	      26.581729	    4801.540520
  Total	  GenCo3	   56016.087255	   56016.087255	  321967.703184
  Total	  GenCo4	     142.269420	     142.269420	    3551.067037
  Total	  GenCo5	   34266.943183	   34266.943183	  176831.324445
      1	  GenCo1	      67.811843	      67.242354	      66.871114
      1	  GenCo2	       1.154696	       1.083991	       1.039103
      1	  GenCo3	    1105.789941	     725.829043	     518.483514
      1	  GenCo4	       0.000000	       0.000000	       0.000000
      1	  GenCo5	    1377.424437	    1340.068408	    1315.684769
      2	  GenCo1	      66.679316	      66.493333	      66.588638
      2	  GenCo2	       1.016284	       0.994399	       1.005584
      2	  GenCo3	     427.075281	     345.928524	     385.440771
      2	  GenCo4	       0.000000	       0.000000	       0.000000
      2	  GenCo5	    1303.450678	    1291.500554	    1297.478139
      3	  GenCo1	      66.679316	      67.056371	      67.997826
      3	  GenCo2	       1.016284	       1.061385	       1.178270
      3	  GenCo3	     427.075281	     618.744166	    1247.507056
      3	  GenCo4	       0.000000	       0.000000	       0.000000
      3	  GenCo5	    1303.450678	    1327.951206	    1389.764782
      4	  GenCo1	      68.750748	      68.938555	      69.033860
      4	  GenCo2	       1.276141	       1.301162	       1.313952
      4	  GenCo3	    1909.703436	    2097.937971	    2193.680636
      4	  GenCo4	       0.000000	       0.000000	       0.000000
      4	  GenCo5	    1440.363201	    1453.199130	    1459.539467
      5	  GenCo1	      68.938555	      68.750748	      68.655443
      5	  GenCo2	       1.301162	       1.276141	       1.263536
      5	  GenCo3	    2097.937971	    1909.703436	    1820.444051
      5	  GenCo4	       0.000000	       0.000000	       0.000000
      5	  GenCo5	    1453.199130	    1440.363201	    1434.064699
      6	  GenCo1	      68.655443	      69.033860	       0.021442
      6	  GenCo2	       1.263536	       1.313952	       0.000000
      6	  GenCo3	    1820.444051	    2193.680636	   18654.455033
      6	  GenCo4	       0.000000	       0.000000	     142.269420
      6	  GenCo5	    1434.064699	    1459.539467	    1912.030373
      7	  GenCo1	      57.617071	      69.409727	      69.313786
      7	  GenCo2	       0.224920	       1.365004	       1.351881
      7	  GenCo3	    4980.401646	    2601.822537	    2497.557449
      7	  GenCo4	       0.000000	       0.000000	       0.000000
      7	  GenCo5	    1573.596091	    1485.235724	    1478.843069
      8	  GenCo1	      69.126615	      68.655443	      68.092405
      8	  GenCo2	       1.326460	       1.263536	       1.190350
      8	  GenCo3	    2291.677896	    1820.444051	    1324.322878
      8	  GenCo4	       0.000000	       0.000000	       0.000000
      8	  GenCo5	    1465.890833	    1434.064699	    1396.175751
      9	  GenCo1	      67.811843	      67.242354	      66.871114
      9	  GenCo2	       1.154696	       1.083991	       1.039103
      9	  GenCo3	    1105.789941	     725.829043	     518.483514
      9	  GenCo4	       0.000000	       0.000000	       0.000000
      9	  GenCo5	    1377.424437	    1340.068408	    1315.684769
     10	  GenCo1	      66.679316	      66.493333	      66.588638
     10	  GenCo2	       1.016284	       0.994399	       1.005584
     10	  GenCo3	     427.075281	     345.928524	     385.440771
     10	  GenCo4	       0.000000	       0.000000	       0.000000
     10	  GenCo5	    1303.450678	    1291.500554	    1297.478139
     11	  GenCo1	      66.679316	      67.056371	      67.997826
     11	  GenCo2	       1.016284	       1.061385	       1.178270
     11	  GenCo3	     427.075281	     618.744166	    1247.507056
     11	  GenCo4	       0.000000	       0.000000	       0.000000
     11	  GenCo5	    1303.450678	    1327.951206	    1389.764782
     12	  GenCo1	      68.750748	      68.938555	      69.033860
     12	  GenCo2	       1.276141	       1.301162	       1.313952
     12	  GenCo3	    1909.703436	    2097.937971	    2193.680636
     12	  GenCo4	       0.000000	       0.000000	       0.000000
     12	  GenCo5	    1440.363201	    1453.199130	    1459.539467
     13	  GenCo1	      68.938555	      68.750748	      68.655443
     13	  GenCo2	       1.301162	       1.276141	       1.263536
     13	  GenCo3	    2097.937971	    1909.703436	    1820.444051
     13	  GenCo4	       0.000000	       0.000000	       0.000000
     13	  GenCo5	    1453.199130	    1440.363201	    1434.064699
     14	  GenCo1	      68.655443	      69.033860	       0.021442
     14	  GenCo2	       1.263536	       1.313952	       0.000000
     14	  GenCo3	    1820.444051	    2193.680636	   18654.455033
     14	  GenCo4	       0.000000	       0.000000	     142.269420
     14	  GenCo5	    1434.064699	    1459.539467	    1912.030373
     15	  GenCo1	      57.617071	      69.409727	      69.313786
     15	  GenCo2	       0.224920	       1.365004	       1.351881
     15	  GenCo3	    4980.401646	    2601.822537	    2497.557449
     15	  GenCo4	       0.000000	       0.000000	       0.000000
     15	  GenCo5	    1573.596091	    1485.235724	    1478.843069
     16	  GenCo1	      69.126615	      68.655443	      68.092405
     16	  GenCo2	       1.326460	       1.263536	       1.190350
     16	  GenCo3	    2291.677896	    1820.444051	    1324.322878
     16	  GenCo4	       0.000000	       0.000000	       0.000000
     16	  GenCo5	    1465.890833	    1434.064699	    1396.175751
     17	  GenCo1	    1668.311843	    1667.742354	    1667.371114
     17	  GenCo2	     210.398520	     203.785637	     199.477233
     17	  GenCo3	   10524.934881	    8186.961730	    6729.525292
     17	  GenCo4	       0.000000	       0.000000	       0.000000
     17	  GenCo5	    7190.780788	    7055.503589	    6966.746882
     18	  GenCo1	    1667.179316	    1666.993333	    1667.088638
     18	  GenCo2	     197.252067	     195.094858	     196.200241
     18	  GenCo3	    6020.600506	    5341.645515	    5679.042925
     18	  GenCo4	       0.000000	       0.000000	       0.000000
     18	  GenCo5	    6922.075045	    6878.348348	    6900.232343
     19	  GenCo1	    1667.179316	    1667.556371	    1668.497826
     19	  GenCo2	     197.252067	     201.626985	     212.559107
     19	  GenCo3	    6020.600506	    7456.130497	   11325.030589
     19	  GenCo4	       0.000000	       0.000000	       0.000000
     19	  GenCo5	    6922.075045	    7011.442735	    7235.287928
     20	  GenCo1	    1669.250748	    1669.438555	    1669.533860
     20	  GenCo2	     221.310780	     223.494994	     224.603587
     20	  GenCo3	   14744.445305	   15646.689151	   16096.547400
     20	  GenCo4	       0.000000	       0.000000	       0.000000
     20	  GenCo5	    7416.872030	    7462.711196	    7485.320694
     21	  GenCo1	    1669.438555	    1669.250748	    1669.155443
     21	  GenCo2	     223.494994	     221.310780	     220.202559
     21	  GenCo3	   15646.689151	   14744.445305	   14307.553617
     21	  GenCo4	       0.000000	       0.000000	       0.000000
     21	  GenCo5	    7462.711196	    7416.872030	    7394.346201
     22	  GenCo1	    1669.155443	    1669.533860	      29.035030
     22	  GenCo2	     220.202559	     224.603587	       0.000000
     22	  GenCo3	   14307.553617	   16096.547400	   34358.455033
     22	  GenCo4	       0.000000	       0.000000	    3551.067037
     22	  GenCo5	    7394.346201	    7485.320694	    9050.409338
     23	  GenCo1	    1618.094472	    1669.909727	    1669.813786
     23	  GenCo2	      92.289422	     228.976906	     227.860415
     23	  GenCo3	   20684.401646	   17955.660938	   17489.007030
     23	  GenCo4	       0.000000	       0.000000	       0.000000
     23	  GenCo5	    7888.494130	    7576.733838	    7554.024849
     24	  GenCo1	    1669.626615	    1669.155443	    1668.592405
     24	  GenCo2	     225.682633	     220.202559	     213.658030
     24	  GenCo3	   16551.223960	   14307.553617	   11746.457571
     24	  GenCo4	       0.000000	       0.000000	       0.000000
     24	  GenCo5	    7507.947923	    7394.346201	    7258.375221
#GeneratorProfitWithTrueCostDataEnd

#LSEPriceSensitiveDemandWithTrueCostDataStart
// Hour	           LSE1	           LSE2	           LSE3
    0	       0.000000	       0.000000	       0.000000
    1	       0.000000	       0.000000	       0.000000
    2	       0.000000	       0.000000	       0.000000
    3	       0.000000	       0.000000	       0.000000
    4	       0.000000	       0.000000	       0.000000
    5	       0.000000	       0.000000	       0.000000
    6	       0.000000	       0.000000	       0.000000
    7	       0.000000	       0.000000	       0.000000
    8	       0.000000	       0.000000	       0.000000
    9	       0.000000	       0.000000	       0.000000
   10	       0.000000	       0.000000	       0.000000
   11	       0.000000	       0.000000	       0.000000
   12	       0.000000	       0.000000	       0.000000
   13	       0.000000	       0.000000	       0.000000
   14	       0.000000	       0.000000	       0.000000
   15	       0.000000	       0.000000	       0.000000
   16	       0.000000	       0.000000	       0.000000
   17	       0.000000	       0.000000	       0.000000
   18	       0.000000	       0.000000	       0.000000
   19	       0.000000	       0.000000	       0.000000
   20	       0.000000	       0.000000	       0.000000
   21	       0.000000	       0.000000	       0.000000
   22	       0.000000	       0.000000	       0.000000
   23	       0.000000	       0.000000	       0.000000
#LSEPriceSensitiveDemandWithTrueCostDataEnd

#LSESurplusWithTrueCostDataStart
// Hour	   LSEID	        Surplus
  Total	    LSE1	       0.000000
  Total	    LSE2	       0.000000
  Total	    LSE3	       0.000000
      1	    LSE1	       0.000000
      1	    LSE2	       0.000000
      1	    LSE3	       0.000000
      2	    LSE1	       0.000000
      2	    LSE2	       0.000000
      2	    LSE3	       0.000000
      3	    LSE1	       0.000000
      3	    LSE2	       0.000000
      3	    LSE3	       0.000000
      4	    LSE1	       0.000000
      4	    LSE2	       0.000000
      4	    LSE3	       0.000000
      5	    LSE1	       0.000000
      5	    LSE2	       0.000000
      5	    LSE3	       0.000000
      6	    LSE1	       0.000000
      6	    LSE2	       0.000000
      6	    LSE3	       0.000000
      7	    LSE1	       0.000000
      7	    LSE2	       0.000000
      7	    LSE3	       0.000000
      8	    LSE1	       0.000000
      8	    LSE2	       0.000000
      8	    LSE3	       0.000000
      9	    LSE1	       0.000000
      9	    LSE2	       0.000000
      9	    LSE3	       0.000000
     10	    LSE1	       0.000000
     10	    LSE2	       0.000000
     10	    LSE3	       0.000000
     11	    LSE1	       0.000000
     11	    LSE2	       0.000000
     11	    LSE3	       0.000000
     12	    LSE1	       0.000000
     12	    LSE2	       0.000000
     12	    LSE3	       0.000000
     13	    LSE1	       0.000000
     13	    LSE2	       0.000000
     13	    LSE3	       0.000000
     14	    LSE1	       0.000000
     14	    LSE2	       0.000000
     14	    LSE3	       0.000000
     15	    LSE1	       0.000000
     15	    LSE2	       0.000000
     15	    LSE3	       0.000000
     16	    LSE1	       0.000000
     16	    LSE2	       0.000000
     16	    LSE3	       0.000000
     17	    LSE1	       0.000000
     17	    LSE2	       0.000000
     17	    LSE3	       0.000000
     18	    LSE1	       0.000000
     18	    LSE2	       0.000000
     18	    LSE3	       0.000000
     19	    LSE1	       0.000000
     19	    LSE2	       0.000000
     19	    LSE3	       0.000000
     20	    LSE1	       0.000000
     20	    LSE2	       0.000000
     20	    LSE3	       0.000000
     21	    LSE1	       0.000000
     21	    LSE2	       0.000000
     21	    LSE3	       0.000000
     22	    LSE1	       0.000000
     22	    LSE2	       0.000000
     22	    LSE3	       0.000000
     23	    LSE1	       0.000000
     23	    LSE2	       0.000000
     23	    LSE3	       0.000000
     24	    LSE1	       0.000000
     24	    LSE2	       0.000000
     24	    LSE3	       0.000000
#LSESurplusWithTrueCostDataEnd

#HasSolutionDataStart
//  Day	H-00	H-01	H-02	H-03	H-04	H-05	H-06	H-07	H-08	H-09	H-10	H-11	H-12	H-13	H-14	H-15	H-16	H-17	H-18	H-19	H-20	H-21	H-22	H-23
      1	   1	   1	   1	   1	   1	   1	   1	   1	   1	   1	   1	   1	   1	   1	   1	   1	   1	   1	   1	   1	   1	   1	   1	   1	
      2	   1	   1	   1	   1	   1	   1	   1	   1	   1	   1	   1	   1	   1	   1	   1	   1	   1	   1	   1	   1	   1	   1	   1	   1	
      3	   1	   1	   1	   1	   1	   1	   1	   1	   1	   1	   1	   1	   1	   1	   1	   1	   1	   1	   1	   1	   1	   1	   1	   1	
      4	   1	   1	   1	   1	   1	   1	   1	   1	   1	   1	   1	   1	   1	   1	   1	   1	   1	   1	   1	   1	   1	   1	   1	   1	
      5	   1	   1	   1	   1	   1	   1	   1	   1	   1	   1	   1	   1	   1	   1	   1	   1	   1	   1	   1	   1	   1	   1	   1	   1	
#HasSolutionDataEnd

#GeneratorSupplyOfferDataStart
//  Day	GenCo Name	     aR ($/MWh)	    bR ($/MW2h)	     CapRL (MW)	     CapRU (MW)
    1	    GenCo1	      15.272727	       0.049595	       0.000000	     110.000000
    1	    GenCo2	      36.000000	       0.540020	       0.000000	     100.000000
    1	    GenCo3	      75.000000	       0.036059	       0.000000	     520.000000
    1	    GenCo4	      40.000000	       0.033337	       0.000000	     200.000000
    1	    GenCo5	      40.000000	       0.033335	       0.000000	     600.000000
    2	    GenCo1	      15.272727	       0.049595	       0.000000	     110.000000
    2	    GenCo2	      18.000000	       0.000005	       0.000000	     100.000000
    2	    GenCo3	      75.000000	       0.036059	       0.000000	     520.000000
    2	    GenCo4	      40.000000	       0.033337	       0.000000	     200.000000
    2	    GenCo5	      40.000000	       0.033335	       0.000000	     600.000000
    3	    GenCo1	      15.272727	       0.049595	       0.000000	     110.000000
    3	    GenCo2	      18.000000	       0.000005	       0.000000	     100.000000
    3	    GenCo3	      75.000000	       0.036059	       0.000000	     520.000000
    3	    GenCo4	      40.000000	       0.033337	       0.000000	     200.000000
    3	    GenCo5	      40.000000	       0.033335	       0.000000	     600.000000
    4	    GenCo1	      15.272727	       0.049595	       0.000000	     110.000000
    4	    GenCo2	      18.000000	       0.000005	       0.000000	     100.000000
    4	    GenCo3	      75.000000	       0.036059	       0.000000	     520.000000
    4	    GenCo4	      40.000000	       0.033337	       0.000000	     200.000000
    4	    GenCo5	      40.000000	       0.033335	       0.000000	     600.000000
    5	    GenCo1	      15.272727	       0.049595	       0.000000	     110.000000
    5	    GenCo2	      18.000000	       0.000005	       0.000000	     100.000000
    5	    GenCo3	      75.000000	       0.036059	       0.000000	     520.000000
    5	    GenCo4	      40.000000	       0.033337	       0.000000	     200.000000
    5	    GenCo5	      40.000000	       0.033335	       0.000000	     600.000000
#GeneratorSupplyOfferDataEnd

#GeneratorCommitmentDataStart
//  Day	 Hour	         GenCo1	         GenCo2	         GenCo3	         GenCo4	         GenCo5
    1	    0	     110.000000	      20.047008	     270.206517	     200.000000	     299.746475
    1	    1	     110.000000	      19.911876	     207.104494	     200.000000	     293.373630
    1	    2	     110.000000	      19.823027	     165.407685	     200.000000	     289.169288
    1	    3	     110.000000	      19.777806	     144.370119	     200.000000	     287.042075
    1	    4	     110.000000	      19.733604	     123.710196	     200.000000	     284.956199
    1	    5	     110.000000	      19.755910	     134.041740	     200.000000	     286.002350
    1	    6	     110.000000	      19.777806	     144.370119	     200.000000	     287.042075
    1	    7	     110.000000	      19.867675	     186.444572	     200.000000	     291.287754
    1	    8	     110.000000	      20.091209	     290.866439	     200.000000	     301.832351
    1	    9	     110.000000	      20.270336	     374.640866	     200.000000	     310.288798
    1	   10	     110.000000	      20.315190	     395.665271	     200.000000	     312.409539
    1	   11	     110.000000	      20.337495	     405.996814	     200.000000	     313.455690
    1	   12	     110.000000	      20.315190	     395.665271	     200.000000	     312.409539
    1	   13	     110.000000	      20.270336	     374.640866	     200.000000	     310.288798
    1	   14	     110.000000	      20.248031	     364.309322	     200.000000	     309.242647
    1	   15	     110.000000	      20.248031	     364.309322	     200.000000	     309.242647
    1	   16	     110.000000	      20.337495	     405.996814	     200.000000	     313.455690
    1	   17	     110.000000	      20.538518	     500.099620	     200.000000	     322.951862
    1	   18	     110.000000	      20.449669	     458.402811	     200.000000	     318.747519
    1	   19	     110.000000	      20.426754	     447.696788	     200.000000	     317.666458
    1	   20	     110.000000	      20.404406	     437.375241	     200.000000	     316.620352
    1	   21	     110.000000	      20.359594	     416.340840	     200.000000	     314.499566
    1	   22	     110.000000	      20.248031	     364.309322	     200.000000	     309.242647
    1	   23	     110.000000	      20.113961	     301.574947	     200.000000	     302.911092
    2	    0	     110.000000	     100.000000	     275.611673	     200.000000	     214.388327
    2	    1	     110.000000	     100.000000	     212.518785	     200.000000	     207.871215
    2	    2	     110.000000	     100.000000	     170.827983	     200.000000	     203.572017
    2	    3	     110.000000	     100.000000	     149.793473	     200.000000	     201.396527
    2	    4	     110.000000	     100.000000	     129.136539	     200.000000	     199.263461
    2	    5	     110.000000	     100.000000	     139.466575	     200.000000	     200.333425
    2	    6	     110.000000	     100.000000	     149.793473	     200.000000	     201.396527
    2	    7	     110.000000	     100.000000	     191.861851	     200.000000	     205.738149
    2	    8	     110.000000	     100.000000	     296.268607	     200.000000	     216.521393
    2	    9	     110.000000	     100.000000	     380.030925	     200.000000	     225.169075
    2	   10	     110.000000	     100.000000	     401.052297	     200.000000	     227.337703
    2	   11	     110.000000	     100.000000	     411.382333	     200.000000	     228.407667
    2	   12	     110.000000	     100.000000	     401.052297	     200.000000	     227.337703
    2	   13	     110.000000	     100.000000	     380.030925	     200.000000	     225.169075
    2	   14	     110.000000	     100.000000	     369.700889	     200.000000	     224.099111
    2	   15	     110.000000	     100.000000	     369.700889	     200.000000	     224.099111
    2	   16	     110.000000	     100.000000	     411.382333	     200.000000	     228.407667
    2	   17	     110.000000	     100.000000	     505.471549	     200.000000	     238.118451
    2	   18	     110.000000	     100.000000	     463.780746	     200.000000	     233.819254
    2	   19	     110.000000	     100.000000	     453.076272	     200.000000	     232.713728
    2	   20	     110.000000	     100.000000	     442.756237	     200.000000	     231.643763
    2	   21	     110.000000	     100.000000	     421.724864	     200.000000	     229.475136
    2	   22	     110.000000	     100.000000	     369.700889	     200.000000	     224.099111
    2	   23	     110.000000	     100.000000	     306.975577	     200.000000	     217.624423
    3	    0	     110.000000	     100.000000	     275.611673	     200.000000	     214.388327
    3	    1	     110.000000	     100.000000	     212.518785	     200.000000	     207.871215
    3	    2	     110.000000	     100.000000	     170.827983	     200.000000	     203.572017
    3	    3	     110.000000	     100.000000	     149.793473	     200.000000	     201.396527
    3	    4	     110.000000	     100.000000	     129.136539	     200.000000	     199.263461
    3	    5	     110.000000	     100.000000	     139.466575	     200.000000	     200.333425
    3	    6	     110.000000	     100.000000	     149.793473	     200.000000	     201.396527
    3	    7	     110.000000	     100.000000	     191.861851	     200.000000	     205.738149
    3	    8	     110.000000	     100.000000	     296.268607	     200.000000	     216.521393
    3	    9	     110.000000	     100.000000	     380.030925	     200.000000	     225.169075
    3	   10	     110.000000	     100.000000	     401.052297	     200.000000	     227.337703
    3	   11	     110.000000	     100.000000	     411.382333	     200.000000	     228.407667
    3	   12	     110.000000	     100.000000	     401.052297	     200.000000	     227.337703
    3	   13	     110.000000	     100.000000	     380.030925	     200.000000	     225.169075
    3	   14	     110.000000	     100.000000	     369.700889	     200.000000	     224.099111
    3	   15	     110.000000	     100.000000	     369.700889	     200.000000	     224.099111
    3	   16	     110.000000	     100.000000	     411.382333	     200.000000	     228.407667
    3	   17	     110.000000	     100.000000	     505.471549	     200.000000	     238.118451
    3	   18	     110.000000	     100.000000	     463.780746	     200.000000	     233.819254
    3	   19	     110.000000	     100.000000	     453.076272	     200.000000	     232.713728
    3	   20	     110.000000	     100.000000	     442.756237	     200.000000	     231.643763
    3	   21	     110.000000	     100.000000	     421.724864	     200.000000	     229.475136
    3	   22	     110.000000	     100.000000	     369.700889	     200.000000	     224.099111
    3	   23	     110.000000	     100.000000	     306.975577	     200.000000	     217.624423
    4	    0	     110.000000	     100.000000	     275.611673	     200.000000	     214.388327
    4	    1	     110.000000	     100.000000	     212.518785	     200.000000	     207.871215
    4	    2	     110.000000	     100.000000	     170.827983	     200.000000	     203.572017
    4	    3	     110.000000	     100.000000	     149.793473	     200.000000	     201.396527
    4	    4	     110.000000	     100.000000	     129.136539	     200.000000	     199.263461
    4	    5	     110.000000	     100.000000	     139.466575	     200.000000	     200.333425
    4	    6	     110.000000	     100.000000	     149.793473	     200.000000	     201.396527
    4	    7	     110.000000	     100.000000	     191.861851	     200.000000	     205.738149
    4	    8	     110.000000	     100.000000	     296.268607	     200.000000	     216.521393
    4	    9	     110.000000	     100.000000	     380.030925	     200.000000	     225.169075
    4	   10	     110.000000	     100.000000	     401.052297	     200.000000	     227.337703
    4	   11	     110.000000	     100.000000	     411.382333	     200.000000	     228.407667
    4	   12	     110.000000	     100.000000	     401.052297	     200.000000	     227.337703
    4	   13	     110.000000	     100.000000	     380.030925	     200.000000	     225.169075
    4	   14	     110.000000	     100.000000	     369.700889	     200.000000	     224.099111
    4	   15	     110.000000	     100.000000	     369.700889	     200.000000	     224.099111
    4	   16	     110.000000	     100.000000	     411.382333	     200.000000	     228.407667
    4	   17	     110.000000	     100.000000	     505.471549	     200.000000	     238.118451
    4	   18	     110.000000	     100.000000	     463.780746	     200.000000	     233.819254
    4	   19	     110.000000	     100.000000	     453.076272	     200.000000	     232.713728
    4	   20	     110.000000	     100.000000	     442.756237	     200.000000	     231.643763
    4	   21	     110.000000	     100.000000	     421.724864	     200.000000	     229.475136
    4	   22	     110.000000	     100.000000	     369.700889	     200.000000	     224.099111
    4	   23	     110.000000	     100.000000	     306.975577	     200.000000	     217.624423
    5	    0	     110.000000	     100.000000	     275.611673	     200.000000	     214.388327
    5	    1	     110.000000	     100.000000	     212.518785	     200.000000	     207.871215
    5	    2	     110.000000	     100.000000	     170.827983	     200.000000	     203.572017
    5	    3	     110.000000	     100.000000	     149.793473	     200.000000	     201.396527
    5	    4	     110.000000	     100.000000	     129.136539	     200.000000	     199.263461
    5	    5	     110.000000	     100.000000	     139.466575	     200.000000	     200.333425
    5	    6	     110.000000	     100.000000	     149.793473	     200.000000	     201.396527
    5	    7	     110.000000	     100.000000	     191.861851	     200.000000	     205.738149
    5	    8	     110.000000	     100.000000	     296.268607	     200.000000	     216.521393
    5	    9	     110.000000	     100.000000	     380.030925	     200.000000	     225.169075
    5	   10	     110.000000	     100.000000	     401.052297	     200.000000	     227.337703
    5	   11	     110.000000	     100.000000	     411.382333	     200.000000	     228.407667
    5	   12	     110.000000	     100.000000	     401.052297	     200.000000	     227.337703
    5	   13	     110.000000	     100.000000	     380.030925	     200.000000	     225.169075
    5	   14	     110.000000	     100.000000	     369.700889	     200.000000	     224.099111
    5	   15	     110.000000	     100.000000	     369.700889	     200.000000	     224.099111
    5	   16	     110.000000	     100.000000	     411.382333	     200.000000	     228.407667
    5	   17	     110.000000	     100.000000	     505.471549	     200.000000	     238.118451
    5	   18	     110.000000	     100.000000	     463.780746	     200.000000	     233.819254
    5	   19	     110.000000	     100.000000	     453.076272	     200.000000	     232.713728
    5	   20	     110.000000	     100.000000	     442.756237	     200.000000	     231.643763
    5	   21	     110.000000	     100.000000	     421.724864	     200.000000	     229.475136
    5	   22	     110.000000	     100.000000	     369.700889	     200.000000	     224.099111
    5	   23	     110.000000	     100.000000	     306.975577	     200.000000	     217.624423
#GeneratorCommitmentDataEnd

#GeneratorProfitDataStart
//  Day	GenCo Name	    Profit($/H)	Net Earnings($/H)	 Revenues($/H)
    1	    GenCo1	  114090.000519	  114090.000519	  152502.000519
    1	    GenCo2	   20627.640886	   20627.640886	   27941.168030
    1	    GenCo3	  556085.247500	  556085.247500	  775678.686782
    1	    GenCo4	  190836.984663	  190836.984663	  346356.984663
    1	    GenCo5	  352609.123245	  352609.123245	  441373.044958
    2	    GenCo1	   98002.303452	   98002.303452	  136414.303452
    2	    GenCo2	   86573.003139	   86573.003139	  124013.003139
    2	    GenCo3	  567746.604144	  567746.604144	  791413.341042
    2	    GenCo4	  172701.781830	  172701.781830	  328221.781830
    2	    GenCo5	  227242.857408	  227242.857408	  288041.187941
    3	    GenCo1	   98002.303452	   98002.303452	  136414.303452
    3	    GenCo2	   86573.003139	   86573.003139	  124013.003139
    3	    GenCo3	  567746.604144	  567746.604144	  791413.341042
    3	    GenCo4	  172701.781830	  172701.781830	  328221.781830
    3	    GenCo5	  227242.857408	  227242.857408	  288041.187941
    4	    GenCo1	   98002.303452	   98002.303452	  136414.303452
    4	    GenCo2	   86573.003139	   86573.003139	  124013.003139
    4	    GenCo3	  567746.604144	  567746.604144	  791413.341042
    4	    GenCo4	  172701.781830	  172701.781830	  328221.781830
    4	    GenCo5	  227242.857408	  227242.857408	  288041.187941
    5	    GenCo1	   98002.303452	   98002.303452	  136414.303452
    5	    GenCo2	   86573.003139	   86573.003139	  124013.003139
    5	    GenCo3	  567746.604144	  567746.604144	  791413.341042
    5	    GenCo4	  172701.781830	  172701.781830	  328221.781830
    5	    GenCo5	  227242.857408	  227242.857408	  288041.187941
#GeneratorProfitDataEnd

#GeneratorPropensityDataStart
//  Day	GenCo Name	       ActionID	     Propensity	   Probability
    1	    GenCo1	      15.000000	   10323.600021	       0.477590
    1	    GenCo2	      79.000000	    6585.105635	       0.021286
    1	    GenCo3	      84.000000	   28003.409900	       1.000000
    1	    GenCo4	      33.000000	   13393.479387	       0.951671
    1	    GenCo5	      96.000000	   19864.364930	       0.999921
    2	    GenCo1	      15.000000	   13830.748158	       0.973241
    2	    GenCo2	      20.000000	    9048.374671	       0.231528
    2	    GenCo3	      84.000000	   49593.137670	       1.000000
    2	    GenCo4	      33.000000	   19765.811484	       0.999927
    2	    GenCo5	      96.000000	   28159.504629	       1.000000
    3	    GenCo1	      15.000000	   17197.610370	       0.999201
    3	    GenCo2	      20.000000	   12149.359810	       0.888223
    3	    GenCo3	      84.000000	   70319.276329	       1.000000
    3	    GenCo4	      33.000000	   25883.250298	       1.000000
    3	    GenCo5	      96.000000	   36122.838740	       1.000000
    4	    GenCo1	      15.000000	   20429.798093	       0.999973
    4	    GenCo2	      20.000000	   15126.305543	       0.994600
    4	    GenCo3	      84.000000	   90216.369441	       1.000000
    4	    GenCo4	      33.000000	   31755.991559	       1.000000
    4	    GenCo5	      96.000000	   43767.639487	       1.000000
    5	    GenCo1	      15.000000	   23532.698307	       0.999999
    5	    GenCo2	      20.000000	   17984.173447	       0.999735
    5	    GenCo3	      84.000000	  109317.578829	       1.000000
    5	    GenCo4	      33.000000	   37393.823170	       1.000000
    5	    GenCo5	      96.000000	   51106.648204	       1.000000
#GeneratorPropensityDataEnd

#LSESurplusDataStart
//  Day	  LSE Name	   Surplus($/H)
    1	      LSE1	       0.000000
    1	      LSE2	       0.000000
    1	      LSE3	       0.000000
    2	      LSE1	       0.000000
    2	      LSE2	       0.000000
    2	      LSE3	       0.000000
    3	      LSE1	       0.000000
    3	      LSE2	       0.000000
    3	      LSE3	       0.000000
    4	      LSE1	       0.000000
    4	      LSE2	       0.000000
    4	      LSE3	       0.000000
    5	      LSE1	       0.000000
    5	      LSE2	       0.000000
    5	      LSE3	       0.000000
#LSESurplusDataEnd

#LSEPriceSensitiveDemandDataStart
//  Day	 Hour	           LSE1	           LSE2	           LSE3
    1	    0	       0.000000	       0.000000	       0.000000
    1	    1	       0.000000	       0.000000	       0.000000
    1	    2	       0.000000	       0.000000	       0.000000
    1	    3	       0.000000	       0.000000	       0.000000
    1	    4	       0.000000	       0.000000	       0.000000
    1	    5	       0.000000	       0.000000	       0.000000
    1	    6	       0.000000	       0.000000	       0.000000
    1	    7	       0.000000	       0.000000	       0.000000
    1	    8	       0.000000	       0.000000	       0.000000
    1	    9	       0.000000	       0.000000	       0.000000
    1	   10	       0.000000	       0.000000	       0.000000
    1	   11	       0.000000	       0.000000	       0.000000
    1	   12	       0.000000	       0.000000	       0.000000
    1	   13	       0.000000	       0.000000	       0.000000
    1	   14	       0.000000	       0.000000	       0.000000
    1	   15	       0.000000	       0.000000	       0.000000
    1	   16	       0.000000	       0.000000	       0.000000
    1	   17	       0.000000	       0.000000	       0.000000
    1	   18	       0.000000	       0.000000	       0.000000
    1	   19	       0.000000	       0.000000	       0.000000
    1	   20	       0.000000	       0.000000	       0.000000
    1	   21	       0.000000	       0.000000	       0.000000
    1	   22	       0.000000	       0.000000	       0.000000
    1	   23	       0.000000	       0.000000	       0.000000
    2	    0	       0.000000	       0.000000	       0.000000
    2	    1	       0.000000	       0.000000	       0.000000
    2	    2	       0.000000	       0.000000	       0.000000
    2	    3	       0.000000	       0.000000	       0.000000
    2	    4	       0.000000	       0.000000	       0.000000
    2	    5	       0.000000	       0.000000	       0.000000
    2	    6	       0.000000	       0.000000	       0.000000
    2	    7	       0.000000	       0.000000	       0.000000
    2	    8	       0.000000	       0.000000	       0.000000
    2	    9	       0.000000	       0.000000	       0.000000
    2	   10	       0.000000	       0.000000	       0.000000
    2	   11	       0.000000	       0.000000	       0.000000
    2	   12	       0.000000	       0.000000	       0.000000
    2	   13	       0.000000	       0.000000	       0.000000
    2	   14	       0.000000	       0.000000	       0.000000
    2	   15	       0.000000	       0.000000	       0.000000
    2	   16	       0.000000	       0.000000	       0.000000
    2	   17	       0.000000	       0.000000	       0.000000
    2	   18	       0.000000	       0.000000	       0.000000
    2	   19	       0.000000	       0.000000	       0.000000
    2	   20	       0.000000	       0.000000	       0.000000
    2	   21	       0.000000	       0.000000	       0.000000
    2	   22	       0.000000	       0.000000	       0.000000
    2	   23	       0.000000	       0.000000	       0.000000
    3	    0	       0.000000	       0.000000	       0.000000
    3	    1	       0.000000	       0.000000	       0.000000
    3	    2	       0.000000	       0.000000	       0.000000
    3	    3	       0.000000	       0.000000	       0.000000
    3	    4	       0.000000	       0.000000	       0.000000
    3	    5	       0.000000	       0.000000	       0.000000
    3	    6	       0.000000	       0.000000	       0.000000
    3	    7	       0.000000	       0.000000	       0.000000
    3	    8	       0.000000	       0.000000	       0.000000
    3	    9	       0.000000	       0.000000	       0.000000
    3	   10	       0.000000	       0.000000	       0.000000
    3	   11	       0.000000	       0.000000	       0.000000
    3	   12	       0.000000	       0.000000	       0.000000
    3	   13	       0.000000	       0.000000	       0.000000
    3	   14	       0.000000	       0.000000	       0.000000
    3	   15	       0.000000	       0.000000	       0.000000
    3	   16	       0.000000	       0.000000	       0.000000
    3	   17	       0.000000	       0.000000	       0.000000
    3	   18	       0.000000	       0.000000	       0.000000
    3	   19	       0.000000	       0.000000	       0.000000
    3	   20	       0.000000	       0.000000	       0.000000
    3	   21	       0.000000	       0.000000	       0.000000
    3	   22	       0.000000	       0.000000	       0.000000
    3	   23	       0.000000	       0.000000	       0.000000
    4	    0	       0.000000	       0.000000	       0.000000
    4	    1	       0.000000	       0.000000	       0.000000
    4	    2	       0.000000	       0.000000	       0.000000
    4	    3	       0.000000	       0.000000	       0.000000
    4	    4	       0.000000	       0.000000	       0.000000
    4	    5	       0.000000	       0.000000	       0.000000
    4	    6	       0.000000	       0.000000	       0.000000
    4	    7	       0.000000	       0.000000	       0.000000
    4	    8	       0.000000	       0.000000	       0.000000
    4	    9	       0.000000	       0.000000	       0.000000
    4	   10	       0.000000	       0.000000	       0.000000
    4	   11	       0.000000	       0.000000	       0.000000
    4	   12	       0.000000	       0.000000	       0.000000
    4	   13	       0.000000	       0.000000	       0.000000
    4	   14	       0.000000	       0.000000	       0.000000
    4	   15	       0.000000	       0.000000	       0.000000
    4	   16	       0.000000	       0.000000	       0.000000
    4	   17	       0.000000	       0.000000	       0.000000
    4	   18	       0.000000	       0.000000	       0.000000
    4	   19	       0.000000	       0.000000	       0.000000
    4	   20	       0.000000	       0.000000	       0.000000
    4	   21	       0.000000	       0.000000	       0.000000
    4	   22	       0.000000	       0.000000	       0.000000
    4	   23	       0.000000	       0.000000	       0.000000
    5	    0	       0.000000	       0.000000	       0.000000
    5	    1	       0.000000	       0.000000	       0.000000
    5	    2	       0.000000	       0.000000	       0.000000
    5	    3	       0.000000	       0.000000	       0.000000
    5	    4	       0.000000	       0.000000	       0.000000
    5	    5	       0.000000	       0.000000	       0.000000
    5	    6	       0.000000	       0.000000	       0.000000
    5	    7	       0.000000	       0.000000	       0.000000
    5	    8	       0.000000	       0.000000	       0.000000
    5	    9	       0.000000	       0.000000	       0.000000
    5	   10	       0.000000	       0.000000	       0.000000
    5	   11	       0.000000	       0.000000	       0.000000
    5	   12	       0.000000	       0.000000	       0.000000
    5	   13	       0.000000	       0.000000	       0.000000
    5	   14	       0.000000	       0.000000	       0.000000
    5	   15	       0.000000	       0.000000	       0.000000
    5	   16	       0.000000	       0.000000	       0.000000
    5	   17	       0.000000	       0.000000	       0.000000
    5	   18	       0.000000	       0.000000	       0.000000
    5	   19	       0.000000	       0.000000	       0.000000
    5	   20	       0.000000	       0.000000	       0.000000
    5	   21	       0.000000	       0.000000	       0.000000
    5	   22	       0.000000	       0.000000	       0.000000
    5	   23	       0.000000	       0.000000	       0.000000
#LSEPriceSensitiveDemandDataEnd

#BranchPowerFlowDataStart
//  Day	 Hour	        Branch1	        Branch2	        Branch3	        Branch4	        Branch5	        Branch6
    1	    0	     250.000000	      68.754395	    -188.707387	    -100.000002	    -129.793480	    -111.039087
    1	    1	     250.000000	      65.834820	    -185.922943	     -72.930002	    -142.625503	    -107.450686
    1	    2	     250.000000	      63.908859	    -184.085831	     -55.040002	    -151.102312	    -105.083456
    1	    3	     250.000000	      62.934262	    -183.156456	     -46.020002	    -155.379879	    -103.885619
    1	    4	     250.000000	      61.978680	    -182.245075	     -37.160002	    -159.579801	    -102.711123
    1	    5	     250.000000	      62.458017	    -182.702107	     -41.590002	    -157.478258	    -103.300243
    1	    6	     250.000000	      62.934262	    -183.156456	     -46.020002	    -155.379879	    -103.885619
    1	    7	     250.000000	      64.879238	    -185.011563	     -64.070002	    -146.825426	    -106.276190
    1	    8	     250.000000	      69.709977	    -189.618767	    -108.860002	    -125.593558	    -112.213583
    1	    9	     250.000000	      73.584007	    -193.313669	    -144.800002	    -108.559130	    -116.975127
    1	   10	     250.000000	      74.555514	    -194.240323	    -153.820003	    -104.284726	    -118.169215
    1	   11	     250.000000	      75.034851	    -194.697354	    -158.250003	    -102.183182	    -118.758335
    1	   12	     250.000000	      74.555514	    -194.240323	    -153.820003	    -104.284726	    -118.169215
    1	   13	     250.000000	      73.584007	    -193.313669	    -144.800002	    -108.559130	    -116.975127
    1	   14	     250.000000	      73.104670	    -192.856638	    -140.370002	    -110.660674	    -116.386008
    1	   15	     250.000000	      73.104670	    -192.856638	    -140.370002	    -110.660674	    -116.386008
    1	   16	     250.000000	      75.034851	    -194.697354	    -158.250003	    -102.183182	    -118.758335
    1	   17	     250.000000	      79.385125	    -198.846605	    -198.620003	     -83.050376	    -124.105255
    1	   18	     250.000000	      77.459164	    -197.009493	    -180.730003	     -91.527185	    -121.738025
    1	   19	     250.000000	      76.963904	    -196.537149	    -176.140003	     -93.703208	    -121.129308
    1	   20	     250.000000	      76.484564	    -196.080157	    -171.710003	     -95.804755	    -120.540194
    1	   21	     250.000000	      75.513060	    -195.153464	    -162.690003	    -100.079157	    -119.346101
    1	   22	     250.000000	      73.104670	    -192.856638	    -140.370002	    -110.660674	    -116.386008
    1	   23	     250.000000	      70.204112	    -190.090150	    -113.460002	    -123.415050	    -112.820941
    2	    0	     250.000000	      74.035088	    -114.035087	    -100.000008	    -124.388324	    -100.353240
    2	    1	     250.000000	      71.124438	    -111.124437	     -72.930007	    -137.211212	     -96.746778
    2	    2	     250.000000	      69.204345	    -109.204344	     -55.040007	    -145.682015	     -94.367673
    2	    3	     250.000000	      68.232735	    -108.232734	     -46.020004	    -149.956526	     -93.163793
    2	    4	     250.000000	      67.280072	    -107.280072	     -37.160004	    -154.153460	     -91.983389
    2	    5	     250.000000	      67.757936	    -107.757935	     -41.590004	    -152.053424	     -92.575490
    2	    6	     250.000000	      68.232735	    -108.232734	     -46.020004	    -149.956526	     -93.163793
    2	    7	     250.000000	      70.171775	    -110.171774	     -64.070007	    -141.408147	     -95.566375
    2	    8	     250.000000	      74.987751	    -114.987749	    -108.860009	    -120.191390	    -101.533644
    2	    9	     250.000000	      78.849949	    -118.849947	    -144.800010	    -103.169072	    -106.319128
    2	   10	     250.000000	      79.818494	    -119.818492	    -153.820010	     -98.897700	    -107.519211
    2	   11	     250.000000	      80.296358	    -120.296356	    -158.250010	     -96.797664	    -108.111311
    2	   12	     250.000000	      79.818494	    -119.818492	    -153.820010	     -98.897700	    -107.519211
    2	   13	     250.000000	      78.849949	    -118.849947	    -144.800010	    -103.169072	    -106.319128
    2	   14	     250.000000	      78.372085	    -118.372083	    -140.370010	    -105.269108	    -105.727028
    2	   15	     250.000000	      78.372085	    -118.372083	    -140.370010	    -105.269108	    -105.727028
    2	   16	     250.000000	      80.296358	    -120.296356	    -158.250010	     -96.797664	    -108.111311
    2	   17	     250.000000	      84.633354	    -124.633353	    -198.620011	     -77.678448	    -113.485099
    2	   18	     250.000000	      82.713262	    -122.713260	    -180.730011	     -86.149250	    -111.105994
    2	   19	     250.000000	      82.219515	    -122.219514	    -176.140011	     -88.323724	    -110.494214
    2	   20	     250.000000	      81.741652	    -121.741650	    -171.710010	     -90.423760	    -109.902113
    2	   21	     250.000000	      80.773107	    -120.773105	    -162.690010	     -94.695133	    -108.702031
    2	   22	     250.000000	      78.372085	    -118.372083	    -140.370010	    -105.269108	    -105.727028
    2	   23	     250.000000	      75.480382	    -115.480381	    -113.460009	    -118.014420	    -102.144042
    3	    0	     250.000000	      74.035088	    -114.035087	    -100.000008	    -124.388324	    -100.353240
    3	    1	     250.000000	      71.124438	    -111.124437	     -72.930007	    -137.211212	     -96.746778
    3	    2	     250.000000	      69.204345	    -109.204344	     -55.040007	    -145.682015	     -94.367673
    3	    3	     250.000000	      68.232735	    -108.232734	     -46.020004	    -149.956526	     -93.163793
    3	    4	     250.000000	      67.280072	    -107.280072	     -37.160004	    -154.153460	     -91.983389
    3	    5	     250.000000	      67.757936	    -107.757935	     -41.590004	    -152.053424	     -92.575490
    3	    6	     250.000000	      68.232735	    -108.232734	     -46.020004	    -149.956526	     -93.163793
    3	    7	     250.000000	      70.171775	    -110.171774	     -64.070007	    -141.408147	     -95.566375
    3	    8	     250.000000	      74.987751	    -114.987749	    -108.860009	    -120.191390	    -101.533644
    3	    9	     250.000000	      78.849949	    -118.849947	    -144.800010	    -103.169072	    -106.319128
    3	   10	     250.000000	      79.818494	    -119.818492	    -153.820010	     -98.897700	    -107.519211
    3	   11	     250.000000	      80.296358	    -120.296356	    -158.250010	     -96.797664	    -108.111311
    3	   12	     250.000000	      79.818494	    -119.818492	    -153.820010	     -98.897700	    -107.519211
    3	   13	     250.000000	      78.849949	    -118.849947	    -144.800010	    -103.169072	    -106.319128
    3	   14	     250.000000	      78.372085	    -118.372083	    -140.370010	    -105.269108	    -105.727028
    3	   15	     250.000000	      78.372085	    -118.372083	    -140.370010	    -105.269108	    -105.727028
    3	   16	     250.000000	      80.296358	    -120.296356	    -158.250010	     -96.797664	    -108.111311
    3	   17	     250.000000	      84.633354	    -124.633353	    -198.620011	     -77.678448	    -113.485099
    3	   18	     250.000000	      82.713262	    -122.713260	    -180.730011	     -86.149250	    -111.105994
    3	   19	     250.000000	      82.219515	    -122.219514	    -176.140011	     -88.323724	    -110.494214
    3	   20	     250.000000	      81.741652	    -121.741650	    -171.710010	     -90.423760	    -109.902113
    3	   21	     250.000000	      80.773107	    -120.773105	    -162.690010	     -94.695133	    -108.702031
    3	   22	     250.000000	      78.372085	    -118.372083	    -140.370010	    -105.269108	    -105.727028
    3	   23	     250.000000	      75.480382	    -115.480381	    -113.460009	    -118.014420	    -102.144042
    4	    0	     250.000000	      74.035088	    -114.035087	    -100.000008	    -124.388324	    -100.353240
    4	    1	     250.000000	      71.124438	    -111.124437	     -72.930007	    -137.211212	     -96.746778
    4	    2	     250.000000	      69.204345	    -109.204344	     -55.040007	    -145.682015	     -94.367673
    4	    3	     250.000000	      68.232735	    -108.232734	     -46.020004	    -149.956526	     -93.163793
    4	    4	     250.000000	      67.280072	    -107.280072	     -37.160004	    -154.153460	     -91.983389
    4	    5	     250.000000	      67.757936	    -107.757935	     -41.590004	    -152.053424	     -92.575490
    4	    6	     250.000000	      68.232735	    -108.232734	     -46.020004	    -149.956526	     -93.163793
    4	    7	     250.000000	      70.171775	    -110.171774	     -64.070007	    -141.408147	     -95.566375
    4	    8	     250.000000	      74.987751	    -114.987749	    -108.860009	    -120.191390	    -101.533644
    4	    9	     250.000000	      78.849949	    -118.849947	    -144.800010	    -103.169072	    -106.319128
    4	   10	     250.000000	      79.818494	    -119.818492	    -153.820010	     -98.897700	    -107.519211
    4	   11	     250.000000	      80.296358	    -120.296356	    -158.250010	     -96.797664	    -108.111311
    4	   12	     250.000000	      79.818494	    -119.818492	    -153.820010	     -98.897700	    -107.519211
    4	   13	     250.000000	      78.849949	    -118.849947	    -144.800010	    -103.169072	    -106.319128
    4	   14	     250.000000	      78.372085	    -118.372083	    -140.370010	    -105.269108	    -105.727028
    4	   15	     250.000000	      78.372085	    -118.372083	    -140.370010	    -105.269108	    -105.727028
    4	   16	     250.000000	      80.296358	    -120.296356	    -158.250010	     -96.797664	    -108.111311
    4	   17	     250.000000	      84.633354	    -124.633353	    -198.620011	     -77.678448	    -113.485099
    4	   18	     250.000000	      82.713262	    -122.713260	    -180.730011	     -86.149250	    -111.105994
    4	   19	     250.000000	      82.219515	    -122.219514	    -176.140011	     -88.323724	    -110.494214
    4	   20	     250.000000	      81.741652	    -121.741650	    -171.710010	     -90.423760	    -109.902113
    4	   21	     250.000000	      80.773107	    -120.773105	    -162.690010	     -94.695133	    -108.702031
    4	   22	     250.000000	      78.372085	    -118.372083	    -140.370010	    -105.269108	    -105.727028
    4	   23	     250.000000	      75.480382	    -115.480381	    -113.460009	    -118.014420	    -102.144042
    5	    0	     250.000000	      74.035088	    -114.035087	    -100.000008	    -124.388324	    -100.353240
    5	    1	     250.000000	      71.124438	    -111.124437	     -72.930007	    -137.211212	     -96.746778
    5	    2	     250.000000	      69.204345	    -109.204344	     -55.040007	    -145.682015	     -94.367673
    5	    3	     250.000000	      68.232735	    -108.232734	     -46.020004	    -149.956526	     -93.163793
    5	    4	     250.000000	      67.280072	    -107.280072	     -37.160004	    -154.153460	     -91.983389
    5	    5	     250.000000	      67.757936	    -107.757935	     -41.590004	    -152.053424	     -92.575490
    5	    6	     250.000000	      68.232735	    -108.232734	     -46.020004	    -149.956526	     -93.163793
    5	    7	     250.000000	      70.171775	    -110.171774	     -64.070007	    -141.408147	     -95.566375
    5	    8	     250.000000	      74.987751	    -114.987749	    -108.860009	    -120.191390	    -101.533644
    5	    9	     250.000000	      78.849949	    -118.849947	    -144.800010	    -103.169072	    -106.319128
    5	   10	     250.000000	      79.818494	    -119.818492	    -153.820010	     -98.897700	    -107.519211
    5	   11	     250.000000	      80.296358	    -120.296356	    -158.250010	     -96.797664	    -108.111311
    5	   12	     250.000000	      79.818494	    -119.818492	    -153.820010	     -98.897700	    -107.519211
    5	   13	     250.000000	      78.849949	    -118.849947	    -144.800010	    -103.169072	    -106.319128
    5	   14	     250.000000	      78.372085	    -118.372083	    -140.370010	    -105.269108	    -105.727028
    5	   15	     250.000000	      78.372085	    -118.372083	    -140.370010	    -105.269108	    -105.727028
    5	   16	     250.000000	      80.296358	    -120.296356	    -158.250010	     -96.797664	    -108.111311
    5	   17	     250.000000	      84.633354	    -124.633353	    -198.620011	     -77.678448	    -113.485099
    5	   18	     250.000000	      82.713262	    -122.713260	    -180.730011	     -86.149250	    -111.105994
    5	   19	     250.000000	      82.219515	    -122.219514	    -176.140011	     -88.323724	    -110.494214
    5	   20	     250.000000	      81.741652	    -121.741650	    -171.710010	     -90.423760	    -109.902113
    5	   21	     250.000000	      80.773107	    -120.773105	    -162.690010	     -94.695133	    -108.702031
    5	   22	     250.000000	      78.372085	    -118.372083	    -140.370010	    -105.269108	    -105.727028
    5	   23	     250.000000	      75.480382	    -115.480381	    -113.460009	    -118.014420	    -102.144042
#BranchPowerFlowDataEnd

#NodeLMPDataStart
//  Day	 Hour	          Bus 1	          Bus 2	          Bus 3	          Bus 4	          Bus 5
    1	    0	      57.651570	     103.097133	      94.486826	      70.808483	      59.984098
    1	    1	      57.505623	      97.516680	      89.936018	      69.089196	      59.559220
    1	    2	      57.409662	      93.829094	      86.928916	      67.953426	      59.278916
    1	    3	      57.360822	      91.968671	      85.411723	      67.380116	      59.137095
    1	    4	      57.313082	      90.141592	      83.921765	      66.817241	      58.998030
    1	    5	      57.337173	      91.055220	      84.666858	      67.098861	      59.067777
    1	    6	      57.360822	      91.968671	      85.411723	      67.380116	      59.137095
    1	    7	      57.457883	      95.689601	      88.446060	      68.526321	      59.420155
    1	    8	      57.699310	     104.924212	      95.976784	      71.371358	      60.123163
    1	    9	      57.892774	     112.332906	     102.018451	      73.653699	      60.686954
    1	   10	      57.941218	     114.192251	     103.534695	      74.226415	      60.828344
    1	   11	      57.965309	     115.105879	     104.279788	      74.508035	      60.898091
    1	   12	      57.941218	     114.192251	     103.534695	      74.226415	      60.828344
    1	   13	      57.892774	     112.332906	     102.018451	      73.653699	      60.686954
    1	   14	      57.868683	     111.419277	     101.273358	      73.372078	      60.617207
    1	   15	      57.868683	     111.419277	     101.273358	      73.372078	      60.617207
    1	   16	      57.965309	     115.105879	     104.279788	      74.508035	      60.898091
    1	   17	      58.182421	     123.428024	     111.066319	      77.071630	      61.531201
    1	   18	      58.086461	     119.740438	     108.059217	      75.935861	      61.250897
    1	   19	      58.061711	     118.793644	     107.287117	      75.644171	      61.178823
    1	   20	      58.037575	     117.880915	     106.542745	      75.362779	      61.109079
    1	   21	      57.989176	     116.020670	     105.025781	      74.789834	      60.967686
    1	   22	      57.868683	     111.419277	     101.273358	      73.372078	      60.617207
    1	   23	      57.723882	     105.871268	      96.749063	      71.662998	      60.195083
    2	    0	      51.549666	     105.004393	      94.876637	      67.025307	      54.293270
    2	    1	      51.393405	      99.427164	      90.326487	      65.299625	      53.858774
    2	    2	      51.290664	      95.741697	      87.319818	      64.159651	      53.572146
    2	    3	      51.238372	      93.882353	      85.802846	      63.584201	      53.427106
    2	    4	      51.187260	      92.056328	      84.313104	      63.019235	      53.284895
    2	    5	      51.213053	      92.969425	      85.058088	      63.301911	      53.356229
    2	    6	      51.238372	      93.882353	      85.802846	      63.584201	      53.427106
    2	    7	      51.342293	      97.601139	      88.836745	      64.734659	      53.716562
    2	    8	      51.600779	     106.830418	      96.366379	      67.590273	      54.435481
    2	    9	      51.807914	     114.234839	     102.407173	      69.881089	      55.012022
    2	   10	      51.859781	     116.093114	     103.923198	      70.455928	      55.156605
    2	   11	      51.885574	     117.006210	     104.668182	      70.738604	      55.227939
    2	   12	      51.859781	     116.093114	     103.923198	      70.455928	      55.156605
    2	   13	      51.807914	     114.234839	     102.407173	      69.881089	      55.012022
    2	   14	      51.782121	     113.321742	     101.662188	      69.598414	      54.940688
    2	   15	      51.782121	     113.321742	     101.662188	      69.598414	      54.940688
    2	   16	      51.885574	     117.006210	     104.668182	      70.738604	      55.227939
    2	   17	      52.118029	     125.323560	     111.453733	      73.311711	      55.875357
    2	   18	      52.015287	     121.638093	     108.447065	      72.171737	      55.588730
    2	   19	      51.988789	     120.691845	     107.675077	      71.878963	      55.515024
    2	   20	      51.962947	     119.779650	     106.930813	      71.596513	      55.443690
    2	   21	      51.911128	     117.920474	     105.414067	      71.021448	      55.299107
    2	   22	      51.782121	     113.321742	     101.662188	      69.598414	      54.940688
    2	   23	      51.627088	     107.776932	      97.138547	      67.882990	      54.509020
    3	    0	      51.549666	     105.004393	      94.876637	      67.025307	      54.293270
    3	    1	      51.393405	      99.427164	      90.326487	      65.299625	      53.858774
    3	    2	      51.290664	      95.741697	      87.319818	      64.159651	      53.572146
    3	    3	      51.238372	      93.882353	      85.802846	      63.584201	      53.427106
    3	    4	      51.187260	      92.056328	      84.313104	      63.019235	      53.284895
    3	    5	      51.213053	      92.969425	      85.058088	      63.301911	      53.356229
    3	    6	      51.238372	      93.882353	      85.802846	      63.584201	      53.427106
    3	    7	      51.342293	      97.601139	      88.836745	      64.734659	      53.716562
    3	    8	      51.600779	     106.830418	      96.366379	      67.590273	      54.435481
    3	    9	      51.807914	     114.234839	     102.407173	      69.881089	      55.012022
    3	   10	      51.859781	     116.093114	     103.923198	      70.455928	      55.156605
    3	   11	      51.885574	     117.006210	     104.668182	      70.738604	      55.227939
    3	   12	      51.859781	     116.093114	     103.923198	      70.455928	      55.156605
    3	   13	      51.807914	     114.234839	     102.407173	      69.881089	      55.012022
    3	   14	      51.782121	     113.321742	     101.662188	      69.598414	      54.940688
    3	   15	      51.782121	     113.321742	     101.662188	      69.598414	      54.940688
    3	   16	      51.885574	     117.006210	     104.668182	      70.738604	      55.227939
    3	   17	      52.118029	     125.323560	     111.453733	      73.311711	      55.875357
    3	   18	      52.015287	     121.638093	     108.447065	      72.171737	      55.588730
    3	   19	      51.988789	     120.691845	     107.675077	      71.878963	      55.515024
    3	   20	      51.962947	     119.779650	     106.930813	      71.596513	      55.443690
    3	   21	      51.911128	     117.920474	     105.414067	      71.021448	      55.299107
    3	   22	      51.782121	     113.321742	     101.662188	      69.598414	      54.940688
    3	   23	      51.627088	     107.776932	      97.138547	      67.882990	      54.509020
    4	    0	      51.549666	     105.004393	      94.876637	      67.025307	      54.293270
    4	    1	      51.393405	      99.427164	      90.326487	      65.299625	      53.858774
    4	    2	      51.290664	      95.741697	      87.319818	      64.159651	      53.572146
    4	    3	      51.238372	      93.882353	      85.802846	      63.584201	      53.427106
    4	    4	      51.187260	      92.056328	      84.313104	      63.019235	      53.284895
    4	    5	      51.213053	      92.969425	      85.058088	      63.301911	      53.356229
    4	    6	      51.238372	      93.882353	      85.802846	      63.584201	      53.427106
    4	    7	      51.342293	      97.601139	      88.836745	      64.734659	      53.716562
    4	    8	      51.600779	     106.830418	      96.366379	      67.590273	      54.435481
    4	    9	      51.807914	     114.234839	     102.407173	      69.881089	      55.012022
    4	   10	      51.859781	     116.093114	     103.923198	      70.455928	      55.156605
    4	   11	      51.885574	     117.006210	     104.668182	      70.738604	      55.227939
    4	   12	      51.859781	     116.093114	     103.923198	      70.455928	      55.156605
    4	   13	      51.807914	     114.234839	     102.407173	      69.881089	      55.012022
    4	   14	      51.782121	     113.321742	     101.662188	      69.598414	      54.940688
    4	   15	      51.782121	     113.321742	     101.662188	      69.598414	      54.940688
    4	   16	      51.885574	     117.006210	     104.668182	      70.738604	      55.227939
    4	   17	      52.118029	     125.323560	     111.453733	      73.311711	      55.875357
    4	   18	      52.015287	     121.638093	     108.447065	      72.171737	      55.588730
    4	   19	      51.988789	     120.691845	     107.675077	      71.878963	      55.515024
    4	   20	      51.962947	     119.779650	     106.930813	      71.596513	      55.443690
    4	   21	      51.911128	     117.920474	     105.414067	      71.021448	      55.299107
    4	   22	      51.782121	     113.321742	     101.662188	      69.598414	      54.940688
    4	   23	      51.627088	     107.776932	      97.138547	      67.882990	      54.509020
    5	    0	      51.549666	     105.004393	      94.876637	      67.025307	      54.293270
    5	    1	      51.393405	      99.427164	      90.326487	      65.299625	      53.858774
    5	    2	      51.290664	      95.741697	      87.319818	      64.159651	      53.572146
    5	    3	      51.238372	      93.882353	      85.802846	      63.584201	      53.427106
    5	    4	      51.187260	      92.056328	      84.313104	      63.019235	      53.284895
    5	    5	      51.213053	      92.969425	      85.058088	      63.301911	      53.356229
    5	    6	      51.238372	      93.882353	      85.802846	      63.584201	      53.427106
    5	    7	      51.342293	      97.601139	      88.836745	      64.734659	      53.716562
    5	    8	      51.600779	     106.830418	      96.366379	      67.590273	      54.435481
    5	    9	      51.807914	     114.234839	     102.407173	      69.881089	      55.012022
    5	   10	      51.859781	     116.093114	     103.923198	      70.455928	      55.156605
    5	   11	      51.885574	     117.006210	     104.668182	      70.738604	      55.227939
    5	   12	      51.859781	     116.093114	     103.923198	      70.455928	      55.156605
    5	   13	      51.807914	     114.234839	     102.407173	      69.881089	      55.012022
    5	   14	      51.782121	     113.321742	     101.662188	      69.598414	      54.940688
    5	   15	      51.782121	     113.321742	     101.662188	      69.598414	      54.940688
    5	   16	      51.885574	     117.006210	     104.668182	      70.738604	      55.227939
    5	   17	      52.118029	     125.323560	     111.453733	      73.311711	      55.875357
    5	   18	      52.015287	     121.638093	     108.447065	      72.171737	      55.588730
    5	   19	      51.988789	     120.691845	     107.675077	      71.878963	      55.515024
    5	   20	      51.962947	     119.779650	     106.930813	      71.596513	      55.443690
    5	   21	      51.911128	     117.920474	     105.414067	      71.021448	      55.299107
    5	   22	      51.782121	     113.321742	     101.662188	      69.598414	      54.940688
    5	   23	      51.627088	     107.776932	      97.138547	      67.882990	      54.509020
#NodeLMPDataEnd

#GeneratorLastDayActionDataStart
// ActNumber	         GenCo1	         GenCo2	         GenCo3	         GenCo4	         GenCo5
            	            100	            100	            100	            100	            100
//   ActID	         GenCo1	         GenCo2	         GenCo3	         GenCo4	         GenCo5
         0	       0.000000	       0.000003	       0.000000	       0.000000	       0.000000
         1	       0.000000	       0.000003	       0.000000	       0.000000	       0.000000
         2	       0.000000	       0.000003	       0.000000	       0.000000	       0.000000
         3	       0.000000	       0.000003	       0.000000	       0.000000	       0.000000
         4	       0.000000	       0.000003	       0.000000	       0.000000	       0.000000
         5	       0.000000	       0.000003	       0.000000	       0.000000	       0.000000
         6	       0.000000	       0.000003	       0.000000	       0.000000	       0.000000
         7	       0.000000	       0.000003	       0.000000	       0.000000	       0.000000
         8	       0.000000	       0.000003	       0.000000	       0.000000	       0.000000
         9	       0.000000	       0.000003	       0.000000	       0.000000	       0.000000
        10	       0.000000	       0.000003	       0.000000	       0.000000	       0.000000
        11	       0.000000	       0.000003	       0.000000	       0.000000	       0.000000
        12	       0.000000	       0.000003	       0.000000	       0.000000	       0.000000
        13	       0.000000	       0.000003	       0.000000	       0.000000	       0.000000
        14	       0.000000	       0.000003	       0.000000	       0.000000	       0.000000
        15	       0.999999	       0.000003	       0.000000	       0.000000	       0.000000
        16	       0.000000	       0.000003	       0.000000	       0.000000	       0.000000
        17	       0.000000	       0.000003	       0.000000	       0.000000	       0.000000
        18	       0.000000	       0.000003	       0.000000	       0.000000	       0.000000
        19	       0.000000	       0.000003	       0.000000	       0.000000	       0.000000
        20	       0.000000	       0.999735	       0.000000	       0.000000	       0.000000
        21	       0.000000	       0.000003	       0.000000	       0.000000	       0.000000
        22	       0.000000	       0.000003	       0.000000	       0.000000	       0.000000
        23	       0.000000	       0.000003	       0.000000	       0.000000	       0.000000
        24	       0.000000	       0.000003	       0.000000	       0.000000	       0.000000
        25	       0.000000	       0.000003	       0.000000	       0.000000	       0.000000
        26	       0.000000	       0.000003	       0.000000	       0.000000	       0.000000
        27	       0.000000	       0.000003	       0.000000	       0.000000	       0.000000
        28	       0.000000	       0.000003	       0.000000	       0.000000	       0.000000
        29	       0.000000	       0.000003	       0.000000	       0.000000	       0.000000
        30	       0.000000	       0.000003	       0.000000	       0.000000	       0.000000
        31	       0.000000	       0.000003	       0.000000	       0.000000	       0.000000
        32	       0.000000	       0.000003	       0.000000	       0.000000	       0.000000
        33	       0.000000	       0.000003	       0.000000	       1.000000	       0.000000
        34	       0.000000	       0.000003	       0.000000	       0.000000	       0.000000
        35	       0.000000	       0.000003	       0.000000	       0.000000	       0.000000
        36	       0.000000	       0.000003	       0.000000	       0.000000	       0.000000
        37	       0.000000	       0.000003	       0.000000	       0.000000	       0.000000
        38	       0.000000	       0.000003	       0.000000	       0.000000	       0.000000
        39	       0.000000	       0.000003	       0.000000	       0.000000	       0.000000
        40	       0.000000	       0.000003	       0.000000	       0.000000	       0.000000
        41	       0.000000	       0.000003	       0.000000	       0.000000	       0.000000
        42	       0.000000	       0.000003	       0.000000	       0.000000	       0.000000
        43	       0.000000	       0.000003	       0.000000	       0.000000	       0.000000
        44	       0.000000	       0.000003	       0.000000	       0.000000	       0.000000
        45	       0.000000	       0.000003	       0.000000	       0.000000	       0.000000
        46	       0.000000	       0.000003	       0.000000	       0.000000	       0.000000
        47	       0.000000	       0.000003	       0.000000	       0.000000	       0.000000
        48	       0.000000	       0.000003	       0.000000	       0.000000	       0.000000
        49	       0.000000	       0.000003	       0.000000	       0.000000	       0.000000
        50	       0.000000	       0.000003	       0.000000	       0.000000	       0.000000
        51	       0.000000	       0.000003	       0.000000	       0.000000	       0.000000
        52	       0.000000	       0.000003	       0.000000	       0.000000	       0.000000
        53	       0.000000	       0.000003	       0.000000	       0.000000	       0.000000
        54	       0.000000	       0.000003	       0.000000	       0.000000	       0.000000
        55	       0.000000	       0.000003	       0.000000	       0.000000	       0.000000
        56	       0.000000	       0.000003	       0.000000	       0.000000	       0.000000
        57	       0.000000	       0.000003	       0.000000	       0.000000	       0.000000
        58	       0.000000	       0.000003	       0.000000	       0.000000	       0.000000
        59	       0.000000	       0.000003	       0.000000	       0.000000	       0.000000
        60	       0.000000	       0.000003	       0.000000	       0.000000	       0.000000
        61	       0.000000	       0.000003	       0.000000	       0.000000	       0.000000
        62	       0.000000	       0.000003	       0.000000	       0.000000	       0.000000
        63	       0.000000	       0.000003	       0.000000	       0.000000	       0.000000
        64	       0.000000	       0.000003	       0.000000	       0.000000	       0.000000
        65	       0.000000	       0.000003	       0.000000	       0.000000	       0.000000
        66	       0.000000	       0.000003	       0.000000	       0.000000	       0.000000
        67	       0.000000	       0.000003	       0.000000	       0.000000	       0.000000
        68	       0.000000	       0.000003	       0.000000	       0.000000	       0.000000
        69	       0.000000	       0.000003	       0.000000	       0.000000	       0.000000
        70	       0.000000	       0.000003	       0.000000	       0.000000	       0.000000
        71	       0.000000	       0.000003	       0.000000	       0.000000	       0.000000
        72	       0.000000	       0.000003	       0.000000	       0.000000	       0.000000
        73	       0.000000	       0.000003	       0.000000	       0.000000	       0.000000
        74	       0.000000	       0.000003	       0.000000	       0.000000	       0.000000
        75	       0.000000	       0.000003	       0.000000	       0.000000	       0.000000
        76	       0.000000	       0.000003	       0.000000	       0.000000	       0.000000
        77	       0.000000	       0.000003	       0.000000	       0.000000	       0.000000
        78	       0.000000	       0.000003	       0.000000	       0.000000	       0.000000
        79	       0.000000	       0.000005	       0.000000	       0.000000	       0.000000
        80	       0.000000	       0.000003	       0.000000	       0.000000	       0.000000
        81	       0.000000	       0.000003	       0.000000	       0.000000	       0.000000
        82	       0.000000	       0.000003	       0.000000	       0.000000	       0.000000
        83	       0.000000	       0.000003	       0.000000	       0.000000	       0.000000
        84	       0.000000	       0.000003	       1.000000	       0.000000	       0.000000
        85	       0.000000	       0.000003	       0.000000	       0.000000	       0.000000
        86	       0.000000	       0.000003	       0.000000	       0.000000	       0.000000
        87	       0.000000	       0.000003	       0.000000	       0.000000	       0.000000
        88	       0.000000	       0.000003	       0.000000	       0.000000	       0.000000
        89	       0.000000	       0.000003	       0.000000	       0.000000	       0.000000
        90	       0.000000	       0.000003	       0.000000	       0.000000	       0.000000
        91	       0.000000	       0.000003	       0.000000	       0.000000	       0.000000
        92	       0.000000	       0.000003	       0.000000	       0.000000	       0.000000
        93	       0.000000	       0.000003	       0.000000	       0.000000	       0.000000
        94	       0.000000	       0.000003	       0.000000	       0.000000	       0.000000
        95	       0.000000	       0.000003	       0.000000	       0.000000	       0.000000
        96	       0.000000	       0.000003	       0.000000	       0.000000	       1.000000
        97	       0.000000	       0.000003	       0.000000	       0.000000	       0.000000
        98	       0.000000	       0.000003	       0.000000	       0.000000	       0.000000
        99	       0.000000	       0.000003	       0.000000	       0.000000	       0.000000
#GeneratorLastDayActionDataEnd




StopCode=	              0

