// Output Data File:
//
// FILENAME 5busemissiontrade_temp.out
//
// CASE FILENAME :
5busemissiontrade.dat

//  iNodeNumber	  iBranchNumber	     iGenNumber	     iLSENumber
              5	              6	              5	              3
//  iLMPWithTrueCost	   iGenCommitWithTrueCost	 iLSEPSDispatchWithTrueCost	igenAgentSupplyOffer	 igenAgentCommitment	igenAgentProfitAndNetGain	    ilseAgentSurplus	     ipriceSensitive	         ibranchFlow	                iLMP
                   1	                        1	                          1	                   3	                   3	                        3	                   3	                   3	                   3	                   3
//        Cooling	     Experimentation	      InitPropensity	 Recency	      M1	      M2	      M3	        RI_MAX_Lower	        RI_MAX_Upper	            RI_MIN_C	          SlopeStart	     RewardSelection
      6000.000000	          500.000000	            0.040000	0.960000	      10	      10	       1	            0.750000	            0.750000	            1.000000	            0.000100	                   1
      6000.000000	          500.000000	            0.040000	0.960000	      10	      10	       1	            0.750000	            0.750000	            1.000000	            0.000100	                   1
      6000.000000	          500.000000	            0.040000	0.960000	      10	      10	       1	            0.750000	            0.750000	            1.000000	            0.000100	                   1
      6000.000000	          500.000000	            0.040000	0.960000	      10	      10	       1	            0.750000	            0.750000	            1.000000	            0.000100	                   1
      6000.000000	          500.000000	            0.040000	0.960000	      10	      10	       1	            0.750000	            0.750000	            1.000000	            0.000100	                   1
//        RandomSeed	 iMaxDay	    dThresholdProbability	   dGenPriceCap	   dLSEPriceCap	 bMaximumDay	  bThreshold
           695672061	    2000	                 0.999000	    1000.000000	       0.000000	           1	           1
//  bActionProb	      iStartDay	     iDayLength	    dActionProb	     bLearnProb	 iLearnStartDay	iLearnDayLength	     dLearnProb	    bNetEarning	    iNEStartDay	   iNEDayLength	   dNEThreshold
              0	              1	              5	       0.001000	              0	              1	              5	       0.001000	              0	              1	              5	      10.000000
#LMPWithTrueCostDataStart
// Hour	          Bus 1	          Bus 2	          Bus 3	          Bus 4	          Bus 5
    0	      14.460337	     116.097750	      96.841100	      43.885313	      19.676953
    1	      14.399293	     114.545015	      95.570987	      43.392411	      19.539347
    2	      14.918348	      74.918088	      63.550287	      32.288831	      17.997879
    3	      15.214806	      69.276648	      59.033866	      30.866213	      17.989571
    4	      15.469239	      31.860934	      28.755295	      20.214788	      16.310555
    5	      15.427333	      66.342677	      56.696043	      30.167799	      18.040601
    6	      15.214806	      69.276648	      59.033866	      30.866213	      17.989571
    7	      14.557625	      80.716954	      68.182131	      33.711366	      17.953302
    8	      14.480317	     116.606124	      97.256941	      44.046688	      19.722000
    9	      14.561318	     118.667543	      98.943142	      44.701038	      19.904648
   10	      14.581631	     119.184887	      99.366316	      44.865247	      19.950471
   11	      14.591653	     119.439110	      99.574272	      44.945967	      19.973027
   12	      14.581631	     119.184887	      99.366316	      44.865247	      19.950471
   13	      14.561318	     118.667543	      98.943142	      44.701038	      19.904648
   14	      14.551296	     118.413319	      98.735186	      44.620318	      19.882092
   15	      14.551296	     118.413319	      98.735186	      44.620318	      19.882092
   16	      14.591653	     119.439110	      99.574272	      44.945967	      19.973027
   17	      14.682612	     121.754680	     101.468358	      45.680971	      20.178166
   18	      14.642342	     120.728652	     100.629096	      45.355316	      20.087301
   19	      14.631987	     120.465212	     100.413606	      45.271690	      20.063956
   20	      14.621965	     120.211235	     100.205850	      45.191041	      20.041413
   21	      14.601652	     119.693644	      99.782475	      45.026761	      19.995577
   22	      14.551296	     118.413319	      98.735186	      44.620318	      19.882092
   23	      14.490649	     116.869627	      97.472478	      44.130315	      19.745327
#LMPWithTrueCostDataEnd

#GeneratorCommitmentWithTrueCostDataStart
// Hour	         GenCo1	         GenCo2	         GenCo3	         GenCo4	         GenCo5
    0	      46.033734	      -0.000000	     270.054918	     182.379349	     401.531999
    1	      39.929307	       0.000000	     206.549346	     182.379349	     401.531998
    2	      91.834783	       0.000000	     195.665262	      95.367956	     401.531999
    3	     110.000000	      17.900536	     195.665262	      36.092204	     401.531998
    4	     110.000000	      39.103239	     187.764763	       0.000000	     401.531998
    5	     110.000000	      35.611106	     195.665262	       6.991634	     401.531998
    6	     110.000000	      17.900536	     195.665262	      36.092204	     401.531998
    7	      55.762485	       0.000000	     195.665262	     154.640255	     401.531998
    8	      48.031729	       0.000000	     290.846924	     182.379349	     401.531998
    9	      56.131811	       0.000000	     375.156843	     182.379349	     401.531998
   10	      58.163113	       0.000000	     396.315540	     182.379349	     401.531998
   11	      59.165324	       0.000000	     406.713329	     182.379349	     401.531998
   12	      58.163113	       0.000000	     396.315540	     182.379349	     401.531998
   13	      56.131811	       0.000000	     375.156843	     182.379349	     401.531998
   14	      55.129599	       0.000000	     364.759053	     182.379349	     401.531998
   15	      55.129599	       0.000000	     364.759053	     182.379349	     401.531998
   16	      59.165324	       0.000000	     406.713329	     182.379349	     401.531998
   17	      68.261191	       0.000000	     501.417463	     182.379349	     401.531998
   18	      64.234232	       0.000000	     459.454421	     182.379349	     401.531998
   19	      63.198710	       0.000000	     448.679942	     182.379349	     401.531999
   20	      62.196500	       0.000000	     438.292153	     182.379349	     401.531998
   21	      60.165197	       0.000000	     417.123456	     182.379349	     401.531999
   22	      55.129599	       0.000000	     364.759053	     182.379349	     401.531998
   23	      49.064911	       0.000000	     301.623741	     182.379349	     401.531999
#GeneratorCommitmentWithTrueCostDataEnd

#GeneratorProfitWithTrueCostDataStart
// Hour	   GenID	         Profit	   Net Earnings	        Revenue
  Total	  GenCo1	     691.006617	     691.006617	   23694.441892
  Total	  GenCo2	      20.628435	      20.628435	    1698.988138
  Total	  GenCo3	  511192.523308	  511192.523308	  738695.683716
  Total	  GenCo4	   41549.395122	   41549.395122	  157522.366232
  Total	  GenCo5	   63111.478480	   63111.478480	  186565.452872
      1	  GenCo1	      10.595523	       7.971748	      42.168137
      1	  GenCo2	      -0.000000	       0.000000	       0.000000
      1	  GenCo3	   18671.745875	   14149.764952	    7160.102969
      1	  GenCo4	    2133.247712	    2043.352434	     109.140565
      1	  GenCo5	    2757.010787	    2701.757396	    2082.808776
      2	  GenCo1	      73.128708	     101.116276	      96.506659
      2	  GenCo2	       1.922575	       9.174380	       7.608905
      2	  GenCo3	    6276.396315	     352.556062	    5818.965581
      2	  GenCo4	      15.631766	       0.000000	       0.586595
      2	  GenCo5	    2079.472658	    1405.294003	    2099.963016
      3	  GenCo1	      73.128708	      15.547274	      11.535235
      3	  GenCo2	       1.922575	       0.000000	       0.000000
      3	  GenCo3	    6276.396315	    8066.394045	   20169.789742
      3	  GenCo4	      15.631766	     286.963301	    2162.679096
      3	  GenCo5	    2079.472658	    2064.909494	    2775.098647
      4	  GenCo1	      15.753901	      16.914739	      17.502678
      4	  GenCo2	       0.000000	       0.000000	       0.000000
      4	  GenCo3	   26332.849056	   27901.866721	   28676.193260
      4	  GenCo4	    2282.019093	    2311.967272	    2326.689058
      4	  GenCo5	    2848.437370	    2866.836982	    2875.893909
      5	  GenCo1	      16.914739	      15.753901	      15.196364
      5	  GenCo2	       0.000000	       0.000000	       0.000000
      5	  GenCo3	   27901.866721	   26332.849056	   25565.084886
      5	  GenCo4	    2311.967272	    2282.019093	    2267.297306
      5	  GenCo5	    2866.836982	    2848.437370	    2839.380444
      6	  GenCo1	      15.196364	      17.502678	      23.297951
      6	  GenCo2	       0.000000	       0.000000	       0.000000
      6	  GenCo3	   25565.084886	   28676.193260	   35828.375159
      6	  GenCo4	    2267.297306	    2326.689058	    2460.738650
      6	  GenCo5	    2839.380444	    2875.893909	    2958.263573
      7	  GenCo1	      20.630183	      19.970385	      19.342023
      7	  GenCo2	       0.000000	       0.000000	       0.000000
      7	  GenCo3	   32637.138760	   31823.435366	   31041.133664
      7	  GenCo4	    2401.345755	    2386.094142	    2371.385385
      7	  GenCo5	    2921.778619	    2912.404857	    2903.353015
      8	  GenCo1	      18.099254	      15.196364	      12.036828
      8	  GenCo2	       0.000000	       0.000000	       0.000000
      8	  GenCo3	   29453.604711	   25565.084886	   20949.651060
      8	  GenCo4	    2341.424177	    2267.297306	    2177.931011
      8	  GenCo5	    2884.948318	    2839.380444	    2784.464808
      9	  GenCo1	      10.595523	       7.971748	      42.168137
      9	  GenCo2	      -0.000000	       0.000000	       0.000000
      9	  GenCo3	   18671.745875	   14149.764952	    7160.102969
      9	  GenCo4	    2133.247712	    2043.352434	     109.140565
      9	  GenCo5	    2757.010787	    2701.757396	    2082.808776
     10	  GenCo1	      73.128708	     101.116276	      96.506659
     10	  GenCo2	       1.922575	       9.174380	       7.608905
     10	  GenCo3	    6276.396315	     352.556062	    5818.965581
     10	  GenCo4	      15.631766	       0.000000	       0.586595
     10	  GenCo5	    2079.472658	    1405.294003	    2099.963016
     11	  GenCo1	      73.128708	      15.547274	      11.535235
     11	  GenCo2	       1.922575	       0.000000	       0.000000
     11	  GenCo3	    6276.396315	    8066.394045	   20169.789742
     11	  GenCo4	      15.631766	     286.963301	    2162.679096
     11	  GenCo5	    2079.472658	    2064.909494	    2775.098647
     12	  GenCo1	      15.753901	      16.914739	      17.502678
     12	  GenCo2	       0.000000	       0.000000	       0.000000
     12	  GenCo3	   26332.849056	   27901.866721	   28676.193260
     12	  GenCo4	    2282.019093	    2311.967272	    2326.689058
     12	  GenCo5	    2848.437370	    2866.836982	    2875.893909
     13	  GenCo1	      16.914739	      15.753901	      15.196364
     13	  GenCo2	       0.000000	       0.000000	       0.000000
     13	  GenCo3	   27901.866721	   26332.849056	   25565.084886
     13	  GenCo4	    2311.967272	    2282.019093	    2267.297306
     13	  GenCo5	    2866.836982	    2848.437370	    2839.380444
     14	  GenCo1	      15.196364	      17.502678	      23.297951
     14	  GenCo2	       0.000000	       0.000000	       0.000000
     14	  GenCo3	   25565.084886	   28676.193260	   35828.375159
     14	  GenCo4	    2267.297306	    2326.689058	    2460.738650
     14	  GenCo5	    2839.380444	    2875.893909	    2958.263573
     15	  GenCo1	      20.630183	      19.970385	      19.342023
     15	  GenCo2	       0.000000	       0.000000	       0.000000
     15	  GenCo3	   32637.138760	   31823.435366	   31041.133664
     15	  GenCo4	    2401.345755	    2386.094142	    2371.385385
     15	  GenCo5	    2921.778619	    2912.404857	    2903.353015
     16	  GenCo1	      18.099254	      15.196364	      12.036828
     16	  GenCo2	       0.000000	       0.000000	       0.000000
     16	  GenCo3	   29453.604711	   25565.084886	   20949.651060
     16	  GenCo4	    2341.424177	    2267.297306	    2177.931011
     16	  GenCo5	    2884.948318	    2839.380444	    2784.464808
     17	  GenCo1	     665.663326	     574.953786	    1370.023234
     17	  GenCo2	      -0.000000	       0.000000	       0.000000
     17	  GenCo3	   26152.415404	   19740.124933	   12434.583463
     17	  GenCo4	    8003.774905	    7913.879629	    3079.319823
     17	  GenCo5	    7900.926401	    7845.672997	    7226.724387
     18	  GenCo1	    1673.628708	    1701.616276	    1697.006659
     18	  GenCo2	     272.353196	     604.897352	     549.384394
     18	  GenCo3	   11550.876810	    5399.231197	   11093.446076
     18	  GenCo4	    1114.029657	       0.000000	     210.922225
     18	  GenCo5	    7223.388250	    6549.209595	    7243.878614
     19	  GenCo1	    1673.628708	     811.769336	     695.514670
     19	  GenCo2	     272.353196	       0.000000	       0.000000
     19	  GenCo3	   11550.876810	   13340.874540	   28286.882180
     19	  GenCo4	    1114.029657	    5213.134251	    8033.206289
     19	  GenCo5	    7223.388250	    7208.825095	    7919.014248
     20	  GenCo1	     817.353151	     848.113063	     863.319893
     20	  GenCo2	       0.000000	       0.000000	       0.000000
     20	  GenCo3	   37119.196691	   39380.415283	   40498.183802
     20	  GenCo4	    8152.546288	    8182.494466	    8197.216252
     20	  GenCo5	    7992.352962	    8010.752580	    8019.809506
     21	  GenCo1	     848.113063	     817.353151	     802.207118
     21	  GenCo2	       0.000000	       0.000000	       0.000000
     21	  GenCo3	   39380.415283	   37119.196691	   36014.552894
     21	  GenCo4	    8182.494466	    8152.546288	    8137.824501
     21	  GenCo5	    8010.752580	    7992.352962	    7983.296044
     22	  GenCo1	     802.207118	     863.319893	    1002.252569
     22	  GenCo2	       0.000000	       0.000000	       0.000000
     22	  GenCo3	   36014.552894	   40498.183802	   50878.006441
     22	  GenCo4	    8137.824501	    8197.216252	    8331.265843
     22	  GenCo5	    7983.296044	    8019.809506	    8102.179170
     23	  GenCo1	     940.539613	     924.722712	     909.435049
     23	  GenCo2	       0.000000	       0.000000	       0.000000
     23	  GenCo3	   46234.482950	   45053.570812	   43919.437590
     23	  GenCo4	    8271.872948	    8256.621336	    8241.912579
     23	  GenCo5	    8065.694210	    8056.320470	    8047.268615
     24	  GenCo1	     878.511262	     802.207118	     710.982413
     24	  GenCo2	       0.000000	       0.000000	       0.000000
     24	  GenCo3	   41621.610873	   36014.552894	   29400.013402
     24	  GenCo4	    8211.951371	    8137.824501	    8048.458204
     24	  GenCo5	    8028.863928	    7983.296044	    7928.380414
#GeneratorProfitWithTrueCostDataEnd

#LSEPriceSensitiveDemandWithTrueCostDataStart
// Hour	           LSE1	           LSE2	           LSE3
    0	       0.000000	       0.000000	       0.000000
    1	       0.000000	       0.000000	       0.000000
    2	       0.000000	       0.000000	       0.000000
    3	       0.000000	       0.000000	       0.000000
    4	       0.000000	       0.000000	       0.000000
    5	       0.000000	       0.000000	       0.000000
    6	       0.000000	       0.000000	       0.000000
    7	       0.000000	       0.000000	       0.000000
    8	       0.000000	       0.000000	       0.000000
    9	       0.000000	       0.000000	       0.000000
   10	       0.000000	       0.000000	       0.000000
   11	       0.000000	       0.000000	       0.000000
   12	       0.000000	       0.000000	       0.000000
   13	       0.000000	       0.000000	       0.000000
   14	       0.000000	       0.000000	       0.000000
   15	       0.000000	       0.000000	       0.000000
   16	       0.000000	       0.000000	       0.000000
   17	       0.000000	       0.000000	       0.000000
   18	       0.000000	       0.000000	       0.000000
   19	       0.000000	       0.000000	       0.000000
   20	       0.000000	       0.000000	       0.000000
   21	       0.000000	       0.000000	       0.000000
   22	       0.000000	       0.000000	       0.000000
   23	       0.000000	       0.000000	       0.000000
#LSEPriceSensitiveDemandWithTrueCostDataEnd

#LSESurplusWithTrueCostDataStart
// Hour	   LSEID	        Surplus
  Total	    LSE1	       0.000000
  Total	    LSE2	       0.000000
  Total	    LSE3	       0.000000
      1	    LSE1	       0.000000
      1	    LSE2	       0.000000
      1	    LSE3	       0.000000
      2	    LSE1	       0.000000
      2	    LSE2	       0.000000
      2	    LSE3	       0.000000
      3	    LSE1	       0.000000
      3	    LSE2	       0.000000
      3	    LSE3	       0.000000
      4	    LSE1	       0.000000
      4	    LSE2	       0.000000
      4	    LSE3	       0.000000
      5	    LSE1	       0.000000
      5	    LSE2	       0.000000
      5	    LSE3	       0.000000
      6	    LSE1	       0.000000
      6	    LSE2	       0.000000
      6	    LSE3	       0.000000
      7	    LSE1	       0.000000
      7	    LSE2	       0.000000
      7	    LSE3	       0.000000
      8	    LSE1	       0.000000
      8	    LSE2	       0.000000
      8	    LSE3	       0.000000
      9	    LSE1	       0.000000
      9	    LSE2	       0.000000
      9	    LSE3	       0.000000
     10	    LSE1	       0.000000
     10	    LSE2	       0.000000
     10	    LSE3	       0.000000
     11	    LSE1	       0.000000
     11	    LSE2	       0.000000
     11	    LSE3	       0.000000
     12	    LSE1	       0.000000
     12	    LSE2	       0.000000
     12	    LSE3	       0.000000
     13	    LSE1	       0.000000
     13	    LSE2	       0.000000
     13	    LSE3	       0.000000
     14	    LSE1	       0.000000
     14	    LSE2	       0.000000
     14	    LSE3	       0.000000
     15	    LSE1	       0.000000
     15	    LSE2	       0.000000
     15	    LSE3	       0.000000
     16	    LSE1	       0.000000
     16	    LSE2	       0.000000
     16	    LSE3	       0.000000
     17	    LSE1	       0.000000
     17	    LSE2	       0.000000
     17	    LSE3	       0.000000
     18	    LSE1	       0.000000
     18	    LSE2	       0.000000
     18	    LSE3	       0.000000
     19	    LSE1	       0.000000
     19	    LSE2	       0.000000
     19	    LSE3	       0.000000
     20	    LSE1	       0.000000
     20	    LSE2	       0.000000
     20	    LSE3	       0.000000
     21	    LSE1	       0.000000
     21	    LSE2	       0.000000
     21	    LSE3	       0.000000
     22	    LSE1	       0.000000
     22	    LSE2	       0.000000
     22	    LSE3	       0.000000
     23	    LSE1	       0.000000
     23	    LSE2	       0.000000
     23	    LSE3	       0.000000
     24	    LSE1	       0.000000
     24	    LSE2	       0.000000
     24	    LSE3	       0.000000
#LSESurplusWithTrueCostDataEnd

#HasSolutionDataStart
//  Day	H-00	H-01	H-02	H-03	H-04	H-05	H-06	H-07	H-08	H-09	H-10	H-11	H-12	H-13	H-14	H-15	H-16	H-17	H-18	H-19	H-20	H-21	H-22	H-23
      1	   1	   1	   1	   1	   1	   1	   1	   1	   1	   1	   1	   1	   1	   1	   1	   1	   1	   1	   1	   1	   1	   1	   1	   1	
      2	   1	   1	   1	   1	   1	   1	   1	   1	   1	   1	   1	   1	   1	   1	   1	   1	   1	   1	   1	   1	   1	   1	   1	   1	
      3	   1	   1	   1	   1	   1	   1	   1	   1	   1	   1	   1	   1	   1	   1	   1	   1	   1	   1	   1	   1	   1	   1	   1	   1	
#HasSolutionDataEnd

#GeneratorSupplyOfferDataStart
//  Day	GenCo Name	     aR ($/MWh)	    bR ($/MW2h)	     CapRL (MW)	     CapRU (MW)
    1	    GenCo1	      15.272727	       0.049588	       0.000000	     110.000000
    1	    GenCo2	      36.000000	       0.540002	       0.000000	     100.000000
    1	    GenCo3	      75.000000	       0.036058	       0.000000	     520.000000
    1	    GenCo4	      40.000000	       0.033334	       0.000000	     200.000000
    1	    GenCo5	      40.000000	       0.033334	       0.000000	     600.000000
    2	    GenCo1	      15.272727	       0.049588	       0.000000	     110.000000
    2	    GenCo2	      18.000000	       0.008182	       0.000000	     100.000000
    2	    GenCo3	      75.000000	       0.036058	       0.000000	     520.000000
    2	    GenCo4	      40.000000	       0.033334	       0.000000	     200.000000
    2	    GenCo5	      40.000000	       0.033334	       0.000000	     600.000000
    3	    GenCo1	      15.272727	       0.049588	       0.000000	     110.000000
    3	    GenCo2	      18.000000	       0.008182	       0.000000	     100.000000
    3	    GenCo3	      75.000000	       0.036058	       0.000000	     520.000000
    3	    GenCo4	      40.000000	       0.033334	       0.000000	     200.000000
    3	    GenCo5	      40.000000	       0.033334	       0.000000	     600.000000
#GeneratorSupplyOfferDataEnd

#GeneratorCommitmentDataStart
//  Day	 Hour	         GenCo1	         GenCo2	         GenCo3	         GenCo4	         GenCo5
    1	    0	     110.000000	      16.883449	     275.520696	     182.379349	     315.216506
    1	    1	     110.000000	      16.748321	     212.418673	     182.379349	     308.843656
    1	    2	     110.000000	      20.543886	     170.984467	     182.379349	     300.492298
    1	    3	     110.000000	      20.498667	     149.946900	     182.379349	     298.365084
    1	    4	     110.000000	      20.454467	     129.286978	     182.379349	     296.279206
    1	    5	     110.000000	      20.476771	     139.618521	     182.379349	     297.325359
    1	    6	     110.000000	      20.498667	     149.946900	     182.379349	     298.365084
    1	    7	     110.000000	      20.588532	     192.021353	     182.379349	     302.610765
    1	    8	     110.000000	      16.927650	     296.180618	     182.379349	     317.302383
    1	    9	     110.000000	      17.106771	     379.955042	     182.379349	     325.758838
    1	   10	     110.000000	      17.151623	     400.979448	     182.379349	     327.879580
    1	   11	     110.000000	      17.173928	     411.310991	     182.379349	     328.925732
    1	   12	     110.000000	      17.151623	     400.979448	     182.379349	     327.879580
    1	   13	     110.000000	      17.106771	     379.955042	     182.379349	     325.758838
    1	   14	     110.000000	      17.084466	     369.623499	     182.379349	     324.712687
    1	   15	     110.000000	      17.084466	     369.623499	     182.379349	     324.712687
    1	   16	     110.000000	      17.173928	     411.310991	     182.379349	     328.925732
    1	   17	     110.000000	      17.374945	     505.413796	     182.379349	     338.421910
    1	   18	     110.000000	      17.286098	     463.716988	     182.379349	     334.217565
    1	   19	     110.000000	      17.263183	     453.010965	     182.379349	     333.136503
    1	   20	     110.000000	      17.240836	     442.689418	     182.379349	     332.090396
    1	   21	     110.000000	      17.196026	     421.655017	     182.379349	     329.969608
    1	   22	     110.000000	      17.084466	     369.623499	     182.379349	     324.712687
    1	   23	     110.000000	      16.950400	     306.889126	     182.379349	     318.381125
    2	    0	     110.000000	     100.000000	     281.139719	     182.379349	     226.480932
    2	    1	     110.000000	     100.000000	     218.046831	     182.379349	     219.963820
    2	    2	     110.000000	     100.000000	     176.356029	     182.379349	     215.664622
    2	    3	     110.000000	     100.000000	     155.321519	     182.379349	     213.489132
    2	    4	     110.000000	     100.000000	     134.664585	     182.379349	     211.356066
    2	    5	     110.000000	     100.000000	     144.994621	     182.379349	     212.426030
    2	    6	     110.000000	     100.000000	     155.321519	     182.379349	     213.489132
    2	    7	     110.000000	     100.000000	     197.389897	     182.379349	     217.830754
    2	    8	     110.000000	     100.000000	     301.796653	     182.379349	     228.613998
    2	    9	     110.000000	     100.000000	     385.558971	     182.379349	     237.261680
    2	   10	     110.000000	     100.000000	     406.580343	     182.379349	     239.430308
    2	   11	     110.000000	     100.000000	     416.910379	     182.379349	     240.500272
    2	   12	     110.000000	     100.000000	     406.580343	     182.379349	     239.430308
    2	   13	     110.000000	     100.000000	     385.558971	     182.379349	     237.261680
    2	   14	     110.000000	     100.000000	     375.228935	     182.379349	     236.191716
    2	   15	     110.000000	     100.000000	     375.228935	     182.379349	     236.191716
    2	   16	     110.000000	     100.000000	     416.910379	     182.379349	     240.500272
    2	   17	     110.000000	     100.000000	     510.999592	     182.379349	     250.211059
    2	   18	     110.000000	     100.000000	     469.308792	     182.379349	     245.911859
    2	   19	     110.000000	     100.000000	     458.604318	     182.379349	     244.806333
    2	   20	     110.000000	     100.000000	     448.284283	     182.379349	     243.736369
    2	   21	     110.000000	     100.000000	     427.252910	     182.379349	     241.567741
    2	   22	     110.000000	     100.000000	     375.228935	     182.379349	     236.191716
    2	   23	     110.000000	     100.000000	     312.503622	     182.379349	     229.717029
    3	    0	     110.000000	     100.000000	     281.139719	     182.379349	     226.480932
    3	    1	     110.000000	     100.000000	     218.046831	     182.379349	     219.963820
    3	    2	     110.000000	     100.000000	     176.356029	     182.379349	     215.664622
    3	    3	     110.000000	     100.000000	     155.321519	     182.379349	     213.489132
    3	    4	     110.000000	     100.000000	     134.664585	     182.379349	     211.356066
    3	    5	     110.000000	     100.000000	     144.994621	     182.379349	     212.426030
    3	    6	     110.000000	     100.000000	     155.321519	     182.379349	     213.489132
    3	    7	     110.000000	     100.000000	     197.389897	     182.379349	     217.830754
    3	    8	     110.000000	     100.000000	     301.796653	     182.379349	     228.613998
    3	    9	     110.000000	     100.000000	     385.558971	     182.379349	     237.261680
    3	   10	     110.000000	     100.000000	     406.580343	     182.379349	     239.430308
    3	   11	     110.000000	     100.000000	     416.910379	     182.379349	     240.500272
    3	   12	     110.000000	     100.000000	     406.580343	     182.379349	     239.430308
    3	   13	     110.000000	     100.000000	     385.558971	     182.379349	     237.261680
    3	   14	     110.000000	     100.000000	     375.228935	     182.379349	     236.191716
    3	   15	     110.000000	     100.000000	     375.228935	     182.379349	     236.191716
    3	   16	     110.000000	     100.000000	     416.910379	     182.379349	     240.500272
    3	   17	     110.000000	     100.000000	     510.999592	     182.379349	     250.211059
    3	   18	     110.000000	     100.000000	     469.308792	     182.379349	     245.911859
    3	   19	     110.000000	     100.000000	     458.604318	     182.379349	     244.806333
    3	   20	     110.000000	     100.000000	     448.284283	     182.379349	     243.736369
    3	   21	     110.000000	     100.000000	     427.252910	     182.379349	     241.567741
    3	   22	     110.000000	     100.000000	     375.228935	     182.379349	     236.191716
    3	   23	     110.000000	     100.000000	     312.503622	     182.379349	     229.717029
#GeneratorCommitmentDataEnd

#GeneratorProfitDataStart
//  Day	GenCo Name	    Profit($/H)	Net Earnings($/H)	 Revenues($/H)
    1	    GenCo1	  107836.922411	  107836.922411	  146248.922411
    1	    GenCo2	   17423.115858	   17423.115858	   23935.630507
    1	    GenCo3	  801672.324768	  801672.324768	 1247820.623254
    1	    GenCo4	  246795.468801	  246795.468801	  387688.121421
    1	    GenCo5	  375945.573358	  375945.573358	  469692.887685
    2	    GenCo1	   90814.151490	   90814.151490	  129226.151490
    2	    GenCo2	   80038.319537	   80038.319537	  117478.319537
    2	    GenCo3	  826777.262056	  826777.262056	 1283946.733303
    2	    GenCo4	  233606.219040	  233606.219040	  374498.871626
    2	    GenCo5	  243757.490663	  243757.490663	  308374.467443
    3	    GenCo1	   90814.151490	   90814.151490	  129226.151490
    3	    GenCo2	   80038.319537	   80038.319537	  117478.319537
    3	    GenCo3	  826777.262056	  826777.262056	 1283946.733303
    3	    GenCo4	  233606.219040	  233606.219040	  374498.871626
    3	    GenCo5	  243757.490663	  243757.490663	  308374.467443
#GeneratorProfitDataEnd

#GeneratorPropensityDataStart
//  Day	GenCo Name	       ActionID	     Propensity	   Probability
    1	    GenCo1	      15.000000	   10073.476896	       0.980458
    1	    GenCo2	      79.000000	    6456.924634	       0.034971
    1	    GenCo3	      84.000000	   37826.892991	       1.000000
    1	    GenCo4	      33.000000	   15631.818752	       1.000000
    1	    GenCo5	      96.000000	   20797.822934	       1.000000
    2	    GenCo1	      15.000000	   13303.103880	       0.999978
    2	    GenCo2	      21.000000	    8786.987327	       0.841662
    2	    GenCo3	      84.000000	   69384.907753	       1.000000
    2	    GenCo4	      33.000000	   24350.794764	       1.000000
    2	    GenCo5	      96.000000	   29716.209643	       1.000000
    3	    GenCo1	      15.000000	   16403.545785	       1.000000
    3	    GenCo2	      21.000000	   11637.040615	       0.999554
    3	    GenCo3	      84.000000	   99680.601925	       1.000000
    3	    GenCo4	      33.000000	   32721.011735	       1.000000
    3	    GenCo5	      96.000000	   38277.860884	       1.000000
#GeneratorPropensityDataEnd

#LSESurplusDataStart
//  Day	  LSE Name	   Surplus($/H)
    1	      LSE1	       0.000000
    1	      LSE2	       0.000000
    1	      LSE3	       0.000000
    2	      LSE1	       0.000000
    2	      LSE2	       0.000000
    2	      LSE3	       0.000000
    3	      LSE1	       0.000000
    3	      LSE2	       0.000000
    3	      LSE3	       0.000000
#LSESurplusDataEnd

#LSEPriceSensitiveDemandDataStart
//  Day	 Hour	           LSE1	           LSE2	           LSE3
    1	    0	       0.000000	       0.000000	       0.000000
    1	    1	       0.000000	       0.000000	       0.000000
    1	    2	       0.000000	       0.000000	       0.000000
    1	    3	       0.000000	       0.000000	       0.000000
    1	    4	       0.000000	       0.000000	       0.000000
    1	    5	       0.000000	       0.000000	       0.000000
    1	    6	       0.000000	       0.000000	       0.000000
    1	    7	       0.000000	       0.000000	       0.000000
    1	    8	       0.000000	       0.000000	       0.000000
    1	    9	       0.000000	       0.000000	       0.000000
    1	   10	       0.000000	       0.000000	       0.000000
    1	   11	       0.000000	       0.000000	       0.000000
    1	   12	       0.000000	       0.000000	       0.000000
    1	   13	       0.000000	       0.000000	       0.000000
    1	   14	       0.000000	       0.000000	       0.000000
    1	   15	       0.000000	       0.000000	       0.000000
    1	   16	       0.000000	       0.000000	       0.000000
    1	   17	       0.000000	       0.000000	       0.000000
    1	   18	       0.000000	       0.000000	       0.000000
    1	   19	       0.000000	       0.000000	       0.000000
    1	   20	       0.000000	       0.000000	       0.000000
    1	   21	       0.000000	       0.000000	       0.000000
    1	   22	       0.000000	       0.000000	       0.000000
    1	   23	       0.000000	       0.000000	       0.000000
    2	    0	       0.000000	       0.000000	       0.000000
    2	    1	       0.000000	       0.000000	       0.000000
    2	    2	       0.000000	       0.000000	       0.000000
    2	    3	       0.000000	       0.000000	       0.000000
    2	    4	       0.000000	       0.000000	       0.000000
    2	    5	       0.000000	       0.000000	       0.000000
    2	    6	       0.000000	       0.000000	       0.000000
    2	    7	       0.000000	       0.000000	       0.000000
    2	    8	       0.000000	       0.000000	       0.000000
    2	    9	       0.000000	       0.000000	       0.000000
    2	   10	       0.000000	       0.000000	       0.000000
    2	   11	       0.000000	       0.000000	       0.000000
    2	   12	       0.000000	       0.000000	       0.000000
    2	   13	       0.000000	       0.000000	       0.000000
    2	   14	       0.000000	       0.000000	       0.000000
    2	   15	       0.000000	       0.000000	       0.000000
    2	   16	       0.000000	       0.000000	       0.000000
    2	   17	       0.000000	       0.000000	       0.000000
    2	   18	       0.000000	       0.000000	       0.000000
    2	   19	       0.000000	       0.000000	       0.000000
    2	   20	       0.000000	       0.000000	       0.000000
    2	   21	       0.000000	       0.000000	       0.000000
    2	   22	       0.000000	       0.000000	       0.000000
    2	   23	       0.000000	       0.000000	       0.000000
    3	    0	       0.000000	       0.000000	       0.000000
    3	    1	       0.000000	       0.000000	       0.000000
    3	    2	       0.000000	       0.000000	       0.000000
    3	    3	       0.000000	       0.000000	       0.000000
    3	    4	       0.000000	       0.000000	       0.000000
    3	    5	       0.000000	       0.000000	       0.000000
    3	    6	       0.000000	       0.000000	       0.000000
    3	    7	       0.000000	       0.000000	       0.000000
    3	    8	       0.000000	       0.000000	       0.000000
    3	    9	       0.000000	       0.000000	       0.000000
    3	   10	       0.000000	       0.000000	       0.000000
    3	   11	       0.000000	       0.000000	       0.000000
    3	   12	       0.000000	       0.000000	       0.000000
    3	   13	       0.000000	       0.000000	       0.000000
    3	   14	       0.000000	       0.000000	       0.000000
    3	   15	       0.000000	       0.000000	       0.000000
    3	   16	       0.000000	       0.000000	       0.000000
    3	   17	       0.000000	       0.000000	       0.000000
    3	   18	       0.000000	       0.000000	       0.000000
    3	   19	       0.000000	       0.000000	       0.000000
    3	   20	       0.000000	       0.000000	       0.000000
    3	   21	       0.000000	       0.000000	       0.000000
    3	   22	       0.000000	       0.000000	       0.000000
    3	   23	       0.000000	       0.000000	       0.000000
#LSEPriceSensitiveDemandDataEnd

#BranchPowerFlowDataStart
//  Day	 Hour	        Branch1	        Branch2	        Branch3	        Branch4	        Branch5	        Branch6
    1	    0	     250.000000	      73.946206	    -197.062757	     -99.999998	    -124.479305	    -118.153748
    1	    1	     250.000000	      71.026631	    -194.278309	     -72.929998	    -137.311328	    -114.565346
    1	    2	     250.000000	      69.357226	    -188.813339	     -55.039998	    -145.525534	    -111.678957
    1	    3	     250.000000	      68.382629	    -187.883962	     -46.019998	    -149.803100	    -110.481121
    1	    4	     250.000000	      67.427048	    -186.972580	     -37.159998	    -154.003023	    -109.306625
    1	    5	     250.000000	      67.906384	    -187.429613	     -41.589998	    -151.901479	    -109.895744
    1	    6	     250.000000	      68.382629	    -187.883962	     -46.019998	    -149.803100	    -110.481121
    1	    7	     250.000000	      70.327605	    -189.739072	     -64.069998	    -141.248647	    -112.871692
    1	    8	     250.000000	      74.901788	    -197.974138	    -108.859998	    -120.279383	    -119.328244
    1	    9	     250.000000	      78.775817	    -201.669047	    -144.799992	    -103.244958	    -124.089789
    1	   10	     250.000000	      79.747324	    -202.595701	    -153.819993	     -98.970553	    -125.283877
    1	   11	     250.000000	      80.226661	    -203.052733	    -158.249993	     -96.869010	    -125.872996
    1	   12	     250.000000	      79.747324	    -202.595701	    -153.819993	     -98.970553	    -125.283877
    1	   13	     250.000000	      78.775817	    -201.669047	    -144.799992	    -103.244958	    -124.089789
    1	   14	     250.000000	      78.296480	    -201.212015	    -140.369992	    -105.346502	    -123.500669
    1	   15	     250.000000	      78.296480	    -201.212015	    -140.369992	    -105.346502	    -123.500669
    1	   16	     250.000000	      80.226661	    -203.052733	    -158.249993	     -96.869010	    -125.872996
    1	   17	     250.000000	      84.576934	    -207.201990	    -198.619992	     -77.736205	    -131.219917
    1	   18	     250.000000	      82.650973	    -205.364876	    -180.729992	     -86.213013	    -128.852687
    1	   19	     250.000000	      82.155714	    -204.892530	    -176.139993	     -88.389036	    -128.243970
    1	   20	     250.000000	      81.676374	    -204.435538	    -171.709993	     -90.490583	    -127.654856
    1	   21	     250.000000	      80.704870	    -203.508843	    -162.689993	     -94.764984	    -126.460762
    1	   22	     250.000000	      78.296480	    -201.212015	    -140.369992	    -105.346502	    -123.500669
    1	   23	     250.000000	      75.395922	    -198.445522	    -113.459998	    -118.100875	    -119.935602
    2	    0	     250.000000	      79.435845	    -119.435845	     -99.999999	    -118.860281	    -107.045087
    2	    1	     250.000000	      76.525195	    -116.525195	     -72.929998	    -131.683168	    -103.438625
    2	    2	     250.000000	      74.605102	    -114.605102	     -55.039998	    -140.153970	    -101.059520
    2	    3	     250.000000	      73.633492	    -113.633492	     -46.019998	    -144.428480	     -99.855640
    2	    4	     250.000000	      72.680829	    -112.680830	     -37.159998	    -148.625414	     -98.675236
    2	    5	     250.000000	      73.158693	    -113.158694	     -41.589998	    -146.525379	     -99.267337
    2	    6	     250.000000	      73.633492	    -113.633492	     -46.019998	    -144.428480	     -99.855640
    2	    7	     250.000000	      75.572532	    -115.572533	     -64.069998	    -135.880102	    -102.258222
    2	    8	     250.000000	      80.388507	    -120.388508	    -108.859999	    -114.663347	    -108.225491
    2	    9	     250.000000	      84.250705	    -124.250705	    -144.799999	     -97.641029	    -113.010975
    2	   10	     250.000000	      85.219250	    -125.219250	    -153.819999	     -93.369656	    -114.211058
    2	   11	     250.000000	      85.697114	    -125.697114	    -158.249999	     -91.269621	    -114.803158
    2	   12	     250.000000	      85.219250	    -125.219250	    -153.819999	     -93.369656	    -114.211058
    2	   13	     250.000000	      84.250705	    -124.250705	    -144.799999	     -97.641029	    -113.010975
    2	   14	     250.000000	      83.772842	    -123.772842	    -140.369999	     -99.741065	    -112.418875
    2	   15	     250.000000	      83.772842	    -123.772842	    -140.369999	     -99.741065	    -112.418875
    2	   16	     250.000000	      85.697114	    -125.697114	    -158.249999	     -91.269621	    -114.803158
    2	   17	     250.000000	      90.034111	    -130.034112	    -198.619995	     -72.150406	    -120.176946
    2	   18	     250.000000	      88.114018	    -128.114019	    -180.729999	     -80.621207	    -117.797841
    2	   19	     250.000000	      87.620272	    -127.620272	    -176.139999	     -82.795681	    -117.186061
    2	   20	     250.000000	      87.142408	    -127.142408	    -171.709999	     -84.895717	    -116.593960
    2	   21	     250.000000	      86.173863	    -126.173863	    -162.689999	     -89.167090	    -115.393878
    2	   22	     250.000000	      83.772842	    -123.772842	    -140.369999	     -99.741065	    -112.418875
    2	   23	     250.000000	      80.881139	    -120.881139	    -113.459999	    -112.486377	    -108.835889
    3	    0	     250.000000	      79.435845	    -119.435845	     -99.999999	    -118.860281	    -107.045087
    3	    1	     250.000000	      76.525195	    -116.525195	     -72.929998	    -131.683168	    -103.438625
    3	    2	     250.000000	      74.605102	    -114.605102	     -55.039998	    -140.153970	    -101.059520
    3	    3	     250.000000	      73.633492	    -113.633492	     -46.019998	    -144.428480	     -99.855640
    3	    4	     250.000000	      72.680829	    -112.680830	     -37.159998	    -148.625414	     -98.675236
    3	    5	     250.000000	      73.158693	    -113.158694	     -41.589998	    -146.525379	     -99.267337
    3	    6	     250.000000	      73.633492	    -113.633492	     -46.019998	    -144.428480	     -99.855640
    3	    7	     250.000000	      75.572532	    -115.572533	     -64.069998	    -135.880102	    -102.258222
    3	    8	     250.000000	      80.388507	    -120.388508	    -108.859999	    -114.663347	    -108.225491
    3	    9	     250.000000	      84.250705	    -124.250705	    -144.799999	     -97.641029	    -113.010975
    3	   10	     250.000000	      85.219250	    -125.219250	    -153.819999	     -93.369656	    -114.211058
    3	   11	     250.000000	      85.697114	    -125.697114	    -158.249999	     -91.269621	    -114.803158
    3	   12	     250.000000	      85.219250	    -125.219250	    -153.819999	     -93.369656	    -114.211058
    3	   13	     250.000000	      84.250705	    -124.250705	    -144.799999	     -97.641029	    -113.010975
    3	   14	     250.000000	      83.772842	    -123.772842	    -140.369999	     -99.741065	    -112.418875
    3	   15	     250.000000	      83.772842	    -123.772842	    -140.369999	     -99.741065	    -112.418875
    3	   16	     250.000000	      85.697114	    -125.697114	    -158.249999	     -91.269621	    -114.803158
    3	   17	     250.000000	      90.034111	    -130.034112	    -198.619995	     -72.150406	    -120.176946
    3	   18	     250.000000	      88.114018	    -128.114019	    -180.729999	     -80.621207	    -117.797841
    3	   19	     250.000000	      87.620272	    -127.620272	    -176.139999	     -82.795681	    -117.186061
    3	   20	     250.000000	      87.142408	    -127.142408	    -171.709999	     -84.895717	    -116.593960
    3	   21	     250.000000	      86.173863	    -126.173863	    -162.689999	     -89.167090	    -115.393878
    3	   22	     250.000000	      83.772842	    -123.772842	    -140.369999	     -99.741065	    -112.418875
    3	   23	     250.000000	      80.881139	    -120.881139	    -113.459999	    -112.486377	    -108.835889
#BranchPowerFlowDataEnd

#NodeLMPDataStart
//  Day	 Hour	          Bus 1	          Bus 2	          Bus 3	          Bus 4	          Bus 5
    1	    0	      54.234193	     186.338374	     161.309363	      92.479581	      61.014538
    1	    1	      54.088254	     180.758119	     156.758716	      90.760358	      60.589679
    1	    2	      58.187479	      94.142930	      87.330660	      68.596917	      60.032919
    1	    3	      58.138642	      92.282573	      85.813522	      68.023628	      59.891105
    1	    4	      58.090906	      90.455560	      84.323617	      67.460774	      59.752046
    1	    5	      58.114994	      91.369156	      85.068684	      67.742384	      59.821789
    1	    6	      58.138642	      92.282573	      85.813522	      68.023628	      59.891105
    1	    7	      58.235697	      96.003370	      88.847749	      69.169790	      60.174151
    1	    8	      54.281930	     188.165388	     162.799267	      93.042436	      61.153598
    1	    9	      54.475381	     195.573820	     168.840719	      95.324691	      61.717363
    1	   10	      54.523821	     197.433098	     170.356908	      95.897386	      61.858747
    1	   11	      54.547911	     198.346694	     171.101975	      96.178996	      61.928490
    1	   12	      54.523821	     197.433098	     170.356908	      95.897386	      61.858747
    1	   13	      54.475381	     195.573820	     168.840719	      95.324691	      61.717363
    1	   14	      54.451292	     194.660223	     168.095652	      95.043081	      61.647620
    1	   15	      54.451292	     194.660223	     168.095652	      95.043081	      61.647620
    1	   16	      54.547911	     198.346694	     171.101975	      96.178996	      61.928490
    1	   17	      54.765010	     206.668544	     177.888265	      98.742496	      62.561572
    1	   18	      54.669055	     202.981089	     174.881270	      97.606768	      62.281281
    1	   19	      54.644307	     202.034328	     174.109198	      97.315089	      62.209210
    1	   20	      54.620172	     201.121632	     173.364852	      97.033707	      62.139469
    1	   21	      54.571777	     199.261453	     171.847942	      96.460784	      61.998083
    1	   22	      54.451292	     194.660223	     168.095652	      95.043081	      61.647620
    1	   23	      54.306500	     189.112411	     163.571519	      93.334065	      61.225514
    2	    0	      47.891136	     188.321015	     161.714582	      88.546892	      55.098804
    2	    1	      47.734885	     182.743983	     157.164595	      86.821275	      54.664328
    2	    2	      52.123770	      96.038256	      87.718034	      64.837422	      54.377713
    2	    3	      52.071481	      94.178978	      86.201116	      64.261993	      54.232680
    2	    4	      52.020372	      92.353019	      84.711427	      63.697048	      54.090475
    2	    5	      52.046163	      93.266083	      85.456385	      63.979713	      54.161806
    2	    6	      52.071481	      94.178978	      86.201116	      64.261993	      54.232680
    2	    7	      47.683776	     180.918024	     155.674905	      86.256329	      54.522123
    2	    8	      47.942245	     190.146975	     163.204272	      89.111837	      55.241009
    2	    9	      48.149366	     197.551134	     169.244850	      91.402567	      55.817523
    2	   10	      48.201230	     199.409343	     170.760821	      91.977385	      55.962099
    2	   11	      48.227021	     200.322407	     171.505779	      92.260050	      56.033430
    2	   12	      48.201230	     199.409343	     170.760821	      91.977385	      55.962099
    2	   13	      48.149366	     197.551134	     169.244850	      91.402567	      55.817523
    2	   14	      48.123575	     196.638070	     168.499892	      91.119902	      55.746192
    2	   15	      48.123575	     196.638070	     168.499892	      91.119902	      55.746192
    2	   16	      48.227021	     200.322407	     171.505779	      92.260050	      56.033430
    2	   17	      48.459461	     208.639462	     178.291088	      94.833061	      56.680819
    2	   18	      48.356726	     204.954126	     175.284527	      93.693129	      56.394204
    2	   19	      48.330229	     204.007912	     174.512566	      93.400366	      56.320502
    2	   20	      48.304389	     203.095749	     173.768330	      93.117927	      56.249171
    2	   21	      48.252574	     201.236639	     172.251638	      92.542883	      56.104595
    2	   22	      48.123575	     196.638070	     168.499892	      91.119902	      55.746192
    2	   23	      47.968553	     191.093455	     163.976412	      89.404543	      55.314545
    3	    0	      47.891136	     188.321015	     161.714582	      88.546892	      55.098804
    3	    1	      47.734885	     182.743983	     157.164595	      86.821275	      54.664328
    3	    2	      52.123770	      96.038256	      87.718034	      64.837422	      54.377713
    3	    3	      52.071481	      94.178978	      86.201116	      64.261993	      54.232680
    3	    4	      52.020372	      92.353019	      84.711427	      63.697048	      54.090475
    3	    5	      52.046163	      93.266083	      85.456385	      63.979713	      54.161806
    3	    6	      52.071481	      94.178978	      86.201116	      64.261993	      54.232680
    3	    7	      47.683776	     180.918024	     155.674905	      86.256329	      54.522123
    3	    8	      47.942245	     190.146975	     163.204272	      89.111837	      55.241009
    3	    9	      48.149366	     197.551134	     169.244850	      91.402567	      55.817523
    3	   10	      48.201230	     199.409343	     170.760821	      91.977385	      55.962099
    3	   11	      48.227021	     200.322407	     171.505779	      92.260050	      56.033430
    3	   12	      48.201230	     199.409343	     170.760821	      91.977385	      55.962099
    3	   13	      48.149366	     197.551134	     169.244850	      91.402567	      55.817523
    3	   14	      48.123575	     196.638070	     168.499892	      91.119902	      55.746192
    3	   15	      48.123575	     196.638070	     168.499892	      91.119902	      55.746192
    3	   16	      48.227021	     200.322407	     171.505779	      92.260050	      56.033430
    3	   17	      48.459461	     208.639462	     178.291088	      94.833061	      56.680819
    3	   18	      48.356726	     204.954126	     175.284527	      93.693129	      56.394204
    3	   19	      48.330229	     204.007912	     174.512566	      93.400366	      56.320502
    3	   20	      48.304389	     203.095749	     173.768330	      93.117927	      56.249171
    3	   21	      48.252574	     201.236639	     172.251638	      92.542883	      56.104595
    3	   22	      48.123575	     196.638070	     168.499892	      91.119902	      55.746192
    3	   23	      47.968553	     191.093455	     163.976412	      89.404543	      55.314545
#NodeLMPDataEnd

#GeneratorLastDayActionDataStart
// ActNumber	         GenCo1	         GenCo2	         GenCo3	         GenCo4	         GenCo5
            	            100	            100	            100	            100	            100
//   ActID	         GenCo1	         GenCo2	         GenCo3	         GenCo4	         GenCo5
         0	       0.000000	       0.000004	       0.000000	       0.000000	       0.000000
         1	       0.000000	       0.000004	       0.000000	       0.000000	       0.000000
         2	       0.000000	       0.000004	       0.000000	       0.000000	       0.000000
         3	       0.000000	       0.000004	       0.000000	       0.000000	       0.000000
         4	       0.000000	       0.000004	       0.000000	       0.000000	       0.000000
         5	       0.000000	       0.000004	       0.000000	       0.000000	       0.000000
         6	       0.000000	       0.000004	       0.000000	       0.000000	       0.000000
         7	       0.000000	       0.000004	       0.000000	       0.000000	       0.000000
         8	       0.000000	       0.000004	       0.000000	       0.000000	       0.000000
         9	       0.000000	       0.000004	       0.000000	       0.000000	       0.000000
        10	       0.000000	       0.000004	       0.000000	       0.000000	       0.000000
        11	       0.000000	       0.000004	       0.000000	       0.000000	       0.000000
        12	       0.000000	       0.000004	       0.000000	       0.000000	       0.000000
        13	       0.000000	       0.000004	       0.000000	       0.000000	       0.000000
        14	       0.000000	       0.000004	       0.000000	       0.000000	       0.000000
        15	       1.000000	       0.000004	       0.000000	       0.000000	       0.000000
        16	       0.000000	       0.000004	       0.000000	       0.000000	       0.000000
        17	       0.000000	       0.000004	       0.000000	       0.000000	       0.000000
        18	       0.000000	       0.000004	       0.000000	       0.000000	       0.000000
        19	       0.000000	       0.000004	       0.000000	       0.000000	       0.000000
        20	       0.000000	       0.000004	       0.000000	       0.000000	       0.000000
        21	       0.000000	       0.999554	       0.000000	       0.000000	       0.000000
        22	       0.000000	       0.000004	       0.000000	       0.000000	       0.000000
        23	       0.000000	       0.000004	       0.000000	       0.000000	       0.000000
        24	       0.000000	       0.000004	       0.000000	       0.000000	       0.000000
        25	       0.000000	       0.000004	       0.000000	       0.000000	       0.000000
        26	       0.000000	       0.000004	       0.000000	       0.000000	       0.000000
        27	       0.000000	       0.000004	       0.000000	       0.000000	       0.000000
        28	       0.000000	       0.000004	       0.000000	       0.000000	       0.000000
        29	       0.000000	       0.000004	       0.000000	       0.000000	       0.000000
        30	       0.000000	       0.000004	       0.000000	       0.000000	       0.000000
        31	       0.000000	       0.000004	       0.000000	       0.000000	       0.000000
        32	       0.000000	       0.000004	       0.000000	       0.000000	       0.000000
        33	       0.000000	       0.000004	       0.000000	       1.000000	       0.000000
        34	       0.000000	       0.000004	       0.000000	       0.000000	       0.000000
        35	       0.000000	       0.000004	       0.000000	       0.000000	       0.000000
        36	       0.000000	       0.000004	       0.000000	       0.000000	       0.000000
        37	       0.000000	       0.000004	       0.000000	       0.000000	       0.000000
        38	       0.000000	       0.000004	       0.000000	       0.000000	       0.000000
        39	       0.000000	       0.000004	       0.000000	       0.000000	       0.000000
        40	       0.000000	       0.000004	       0.000000	       0.000000	       0.000000
        41	       0.000000	       0.000004	       0.000000	       0.000000	       0.000000
        42	       0.000000	       0.000004	       0.000000	       0.000000	       0.000000
        43	       0.000000	       0.000004	       0.000000	       0.000000	       0.000000
        44	       0.000000	       0.000004	       0.000000	       0.000000	       0.000000
        45	       0.000000	       0.000004	       0.000000	       0.000000	       0.000000
        46	       0.000000	       0.000004	       0.000000	       0.000000	       0.000000
        47	       0.000000	       0.000004	       0.000000	       0.000000	       0.000000
        48	       0.000000	       0.000004	       0.000000	       0.000000	       0.000000
        49	       0.000000	       0.000004	       0.000000	       0.000000	       0.000000
        50	       0.000000	       0.000004	       0.000000	       0.000000	       0.000000
        51	       0.000000	       0.000004	       0.000000	       0.000000	       0.000000
        52	       0.000000	       0.000004	       0.000000	       0.000000	       0.000000
        53	       0.000000	       0.000004	       0.000000	       0.000000	       0.000000
        54	       0.000000	       0.000004	       0.000000	       0.000000	       0.000000
        55	       0.000000	       0.000004	       0.000000	       0.000000	       0.000000
        56	       0.000000	       0.000004	       0.000000	       0.000000	       0.000000
        57	       0.000000	       0.000004	       0.000000	       0.000000	       0.000000
        58	       0.000000	       0.000004	       0.000000	       0.000000	       0.000000
        59	       0.000000	       0.000004	       0.000000	       0.000000	       0.000000
        60	       0.000000	       0.000004	       0.000000	       0.000000	       0.000000
        61	       0.000000	       0.000004	       0.000000	       0.000000	       0.000000
        62	       0.000000	       0.000004	       0.000000	       0.000000	       0.000000
        63	       0.000000	       0.000004	       0.000000	       0.000000	       0.000000
        64	       0.000000	       0.000004	       0.000000	       0.000000	       0.000000
        65	       0.000000	       0.000004	       0.000000	       0.000000	       0.000000
        66	       0.000000	       0.000004	       0.000000	       0.000000	       0.000000
        67	       0.000000	       0.000004	       0.000000	       0.000000	       0.000000
        68	       0.000000	       0.000004	       0.000000	       0.000000	       0.000000
        69	       0.000000	       0.000004	       0.000000	       0.000000	       0.000000
        70	       0.000000	       0.000004	       0.000000	       0.000000	       0.000000
        71	       0.000000	       0.000004	       0.000000	       0.000000	       0.000000
        72	       0.000000	       0.000004	       0.000000	       0.000000	       0.000000
        73	       0.000000	       0.000004	       0.000000	       0.000000	       0.000000
        74	       0.000000	       0.000004	       0.000000	       0.000000	       0.000000
        75	       0.000000	       0.000004	       0.000000	       0.000000	       0.000000
        76	       0.000000	       0.000004	       0.000000	       0.000000	       0.000000
        77	       0.000000	       0.000004	       0.000000	       0.000000	       0.000000
        78	       0.000000	       0.000004	       0.000000	       0.000000	       0.000000
        79	       0.000000	       0.000015	       0.000000	       0.000000	       0.000000
        80	       0.000000	       0.000004	       0.000000	       0.000000	       0.000000
        81	       0.000000	       0.000004	       0.000000	       0.000000	       0.000000
        82	       0.000000	       0.000004	       0.000000	       0.000000	       0.000000
        83	       0.000000	       0.000004	       0.000000	       0.000000	       0.000000
        84	       0.000000	       0.000004	       1.000000	       0.000000	       0.000000
        85	       0.000000	       0.000004	       0.000000	       0.000000	       0.000000
        86	       0.000000	       0.000004	       0.000000	       0.000000	       0.000000
        87	       0.000000	       0.000004	       0.000000	       0.000000	       0.000000
        88	       0.000000	       0.000004	       0.000000	       0.000000	       0.000000
        89	       0.000000	       0.000004	       0.000000	       0.000000	       0.000000
        90	       0.000000	       0.000004	       0.000000	       0.000000	       0.000000
        91	       0.000000	       0.000004	       0.000000	       0.000000	       0.000000
        92	       0.000000	       0.000004	       0.000000	       0.000000	       0.000000
        93	       0.000000	       0.000004	       0.000000	       0.000000	       0.000000
        94	       0.000000	       0.000004	       0.000000	       0.000000	       0.000000
        95	       0.000000	       0.000004	       0.000000	       0.000000	       0.000000
        96	       0.000000	       0.000004	       0.000000	       0.000000	       1.000000
        97	       0.000000	       0.000004	       0.000000	       0.000000	       0.000000
        98	       0.000000	       0.000004	       0.000000	       0.000000	       0.000000
        99	       0.000000	       0.000004	       0.000000	       0.000000	       0.000000
#GeneratorLastDayActionDataEnd




StopCode=	              0

